mode: set
github.com/fridrock/avito-shop/testdbsetup/setupTestDb.go:21.43,39.16 6 0
github.com/fridrock/avito-shop/testdbsetup/setupTestDb.go:39.16,41.3 1 0
github.com/fridrock/avito-shop/testdbsetup/setupTestDb.go:42.2,42.32 1 0
github.com/fridrock/avito-shop/testdbsetup/setupTestDb.go:45.70,46.24 1 0
github.com/fridrock/avito-shop/testdbsetup/setupTestDb.go:46.24,48.3 1 0
github.com/fridrock/avito-shop/testdbsetup/setupTestDb.go:49.2,49.20 1 0
github.com/fridrock/avito-shop/testdbsetup/setupTestDb.go:52.51,55.16 3 0
github.com/fridrock/avito-shop/testdbsetup/setupTestDb.go:55.16,57.3 1 0
github.com/fridrock/avito-shop/testdbsetup/setupTestDb.go:58.2,59.16 2 0
github.com/fridrock/avito-shop/testdbsetup/setupTestDb.go:59.16,61.3 1 0
github.com/fridrock/avito-shop/testdbsetup/setupTestDb.go:62.2,64.19 3 0
github.com/fridrock/avito-shop/mocks/AuthHandler.go:17.82,20.19 2 0
github.com/fridrock/avito-shop/mocks/AuthHandler.go:20.19,21.46 1 0
github.com/fridrock/avito-shop/mocks/AuthHandler.go:24.2,26.86 3 0
github.com/fridrock/avito-shop/mocks/AuthHandler.go:26.86,28.3 1 0
github.com/fridrock/avito-shop/mocks/AuthHandler.go:29.2,29.77 1 0
github.com/fridrock/avito-shop/mocks/AuthHandler.go:29.77,31.3 1 0
github.com/fridrock/avito-shop/mocks/AuthHandler.go:31.8,33.3 1 0
github.com/fridrock/avito-shop/mocks/AuthHandler.go:35.2,35.79 1 0
github.com/fridrock/avito-shop/mocks/AuthHandler.go:35.79,37.3 1 0
github.com/fridrock/avito-shop/mocks/AuthHandler.go:37.8,39.3 1 0
github.com/fridrock/avito-shop/mocks/AuthHandler.go:41.2,41.15 1 0
github.com/fridrock/avito-shop/mocks/AuthHandler.go:49.17,53.19 3 0
github.com/fridrock/avito-shop/mocks/AuthHandler.go:53.19,53.49 1 0
github.com/fridrock/avito-shop/mocks/AuthHandler.go:55.2,55.13 1 0
github.com/fridrock/avito-shop/mocks/AuthManager.go:16.88,19.19 2 0
github.com/fridrock/avito-shop/mocks/AuthManager.go:19.19,20.56 1 0
github.com/fridrock/avito-shop/mocks/AuthManager.go:23.2,24.84 2 0
github.com/fridrock/avito-shop/mocks/AuthManager.go:24.84,26.3 1 0
github.com/fridrock/avito-shop/mocks/AuthManager.go:26.8,27.24 1 0
github.com/fridrock/avito-shop/mocks/AuthManager.go:27.24,29.4 1 0
github.com/fridrock/avito-shop/mocks/AuthManager.go:32.2,32.11 1 0
github.com/fridrock/avito-shop/mocks/AuthManager.go:40.17,44.19 3 0
github.com/fridrock/avito-shop/mocks/AuthManager.go:44.19,44.49 1 0
github.com/fridrock/avito-shop/mocks/AuthManager.go:46.2,46.13 1 0
github.com/fridrock/avito-shop/mocks/BuyHandler.go:17.80,20.19 2 0
github.com/fridrock/avito-shop/mocks/BuyHandler.go:20.19,21.45 1 0
github.com/fridrock/avito-shop/mocks/BuyHandler.go:24.2,26.86 3 0
github.com/fridrock/avito-shop/mocks/BuyHandler.go:26.86,28.3 1 0
github.com/fridrock/avito-shop/mocks/BuyHandler.go:29.2,29.77 1 0
github.com/fridrock/avito-shop/mocks/BuyHandler.go:29.77,31.3 1 0
github.com/fridrock/avito-shop/mocks/BuyHandler.go:31.8,33.3 1 0
github.com/fridrock/avito-shop/mocks/BuyHandler.go:35.2,35.79 1 0
github.com/fridrock/avito-shop/mocks/BuyHandler.go:35.79,37.3 1 0
github.com/fridrock/avito-shop/mocks/BuyHandler.go:37.8,39.3 1 0
github.com/fridrock/avito-shop/mocks/BuyHandler.go:41.2,41.15 1 0
github.com/fridrock/avito-shop/mocks/BuyHandler.go:49.16,53.19 3 0
github.com/fridrock/avito-shop/mocks/BuyHandler.go:53.19,53.49 1 0
github.com/fridrock/avito-shop/mocks/BuyHandler.go:55.2,55.13 1 0
github.com/fridrock/avito-shop/mocks/CoinStorage.go:17.78,20.19 2 0
github.com/fridrock/avito-shop/mocks/CoinStorage.go:20.19,21.50 1 0
github.com/fridrock/avito-shop/mocks/CoinStorage.go:24.2,25.70 2 0
github.com/fridrock/avito-shop/mocks/CoinStorage.go:25.70,27.3 1 0
github.com/fridrock/avito-shop/mocks/CoinStorage.go:27.8,29.3 1 0
github.com/fridrock/avito-shop/mocks/CoinStorage.go:31.2,31.11 1 0
github.com/fridrock/avito-shop/mocks/CoinStorage.go:39.17,43.19 3 0
github.com/fridrock/avito-shop/mocks/CoinStorage.go:43.19,43.49 1 0
github.com/fridrock/avito-shop/mocks/CoinStorage.go:45.2,45.13 1 0
github.com/fridrock/avito-shop/mocks/HandlerWithError.go:17.90,20.19 2 0
github.com/fridrock/avito-shop/mocks/HandlerWithError.go:20.19,21.49 1 0
github.com/fridrock/avito-shop/mocks/HandlerWithError.go:24.2,26.86 3 0
github.com/fridrock/avito-shop/mocks/HandlerWithError.go:26.86,28.3 1 0
github.com/fridrock/avito-shop/mocks/HandlerWithError.go:29.2,29.77 1 0
github.com/fridrock/avito-shop/mocks/HandlerWithError.go:29.77,31.3 1 0
github.com/fridrock/avito-shop/mocks/HandlerWithError.go:31.8,33.3 1 0
github.com/fridrock/avito-shop/mocks/HandlerWithError.go:35.2,35.79 1 0
github.com/fridrock/avito-shop/mocks/HandlerWithError.go:35.79,37.3 1 0
github.com/fridrock/avito-shop/mocks/HandlerWithError.go:37.8,39.3 1 0
github.com/fridrock/avito-shop/mocks/HandlerWithError.go:41.2,41.15 1 0
github.com/fridrock/avito-shop/mocks/HandlerWithError.go:49.22,53.19 3 0
github.com/fridrock/avito-shop/mocks/HandlerWithError.go:53.19,53.49 1 0
github.com/fridrock/avito-shop/mocks/HandlerWithError.go:55.2,55.13 1 0
github.com/fridrock/avito-shop/mocks/InfoHandler.go:17.85,20.19 2 0
github.com/fridrock/avito-shop/mocks/InfoHandler.go:20.19,21.49 1 0
github.com/fridrock/avito-shop/mocks/InfoHandler.go:24.2,26.86 3 0
github.com/fridrock/avito-shop/mocks/InfoHandler.go:26.86,28.3 1 0
github.com/fridrock/avito-shop/mocks/InfoHandler.go:29.2,29.77 1 0
github.com/fridrock/avito-shop/mocks/InfoHandler.go:29.77,31.3 1 0
github.com/fridrock/avito-shop/mocks/InfoHandler.go:31.8,33.3 1 0
github.com/fridrock/avito-shop/mocks/InfoHandler.go:35.2,35.79 1 0
github.com/fridrock/avito-shop/mocks/InfoHandler.go:35.79,37.3 1 0
github.com/fridrock/avito-shop/mocks/InfoHandler.go:37.8,39.3 1 0
github.com/fridrock/avito-shop/mocks/InfoHandler.go:41.2,41.15 1 0
github.com/fridrock/avito-shop/mocks/InfoHandler.go:49.17,53.19 3 0
github.com/fridrock/avito-shop/mocks/InfoHandler.go:53.19,53.49 1 0
github.com/fridrock/avito-shop/mocks/InfoHandler.go:55.2,55.13 1 0
github.com/fridrock/avito-shop/mocks/InfoStorage.go:18.81,21.19 2 0
github.com/fridrock/avito-shop/mocks/InfoStorage.go:21.19,22.57 1 0
github.com/fridrock/avito-shop/mocks/InfoStorage.go:25.2,27.74 3 0
github.com/fridrock/avito-shop/mocks/InfoStorage.go:27.74,29.3 1 0
github.com/fridrock/avito-shop/mocks/InfoStorage.go:30.2,30.65 1 0
github.com/fridrock/avito-shop/mocks/InfoStorage.go:30.65,32.3 1 0
github.com/fridrock/avito-shop/mocks/InfoStorage.go:32.8,34.3 1 0
github.com/fridrock/avito-shop/mocks/InfoStorage.go:36.2,36.54 1 0
github.com/fridrock/avito-shop/mocks/InfoStorage.go:36.54,38.3 1 0
github.com/fridrock/avito-shop/mocks/InfoStorage.go:38.8,40.3 1 0
github.com/fridrock/avito-shop/mocks/InfoStorage.go:42.2,42.15 1 0
github.com/fridrock/avito-shop/mocks/InfoStorage.go:50.17,54.19 3 0
github.com/fridrock/avito-shop/mocks/InfoStorage.go:54.19,54.49 1 0
github.com/fridrock/avito-shop/mocks/InfoStorage.go:56.2,56.13 1 0
github.com/fridrock/avito-shop/mocks/PasswordHasher.go:13.70,16.19 2 0
github.com/fridrock/avito-shop/mocks/PasswordHasher.go:16.19,17.55 1 0
github.com/fridrock/avito-shop/mocks/PasswordHasher.go:20.2,21.58 2 0
github.com/fridrock/avito-shop/mocks/PasswordHasher.go:21.58,23.3 1 0
github.com/fridrock/avito-shop/mocks/PasswordHasher.go:23.8,25.3 1 0
github.com/fridrock/avito-shop/mocks/PasswordHasher.go:27.2,27.11 1 0
github.com/fridrock/avito-shop/mocks/PasswordHasher.go:31.68,34.19 2 0
github.com/fridrock/avito-shop/mocks/PasswordHasher.go:34.19,35.54 1 0
github.com/fridrock/avito-shop/mocks/PasswordHasher.go:38.2,40.61 3 0
github.com/fridrock/avito-shop/mocks/PasswordHasher.go:40.61,42.3 1 0
github.com/fridrock/avito-shop/mocks/PasswordHasher.go:43.2,43.52 1 0
github.com/fridrock/avito-shop/mocks/PasswordHasher.go:43.52,45.3 1 0
github.com/fridrock/avito-shop/mocks/PasswordHasher.go:45.8,47.3 1 0
github.com/fridrock/avito-shop/mocks/PasswordHasher.go:49.2,49.51 1 0
github.com/fridrock/avito-shop/mocks/PasswordHasher.go:49.51,51.3 1 0
github.com/fridrock/avito-shop/mocks/PasswordHasher.go:51.8,53.3 1 0
github.com/fridrock/avito-shop/mocks/PasswordHasher.go:55.2,55.15 1 0
github.com/fridrock/avito-shop/mocks/PasswordHasher.go:63.20,67.19 3 0
github.com/fridrock/avito-shop/mocks/PasswordHasher.go:67.19,67.49 1 0
github.com/fridrock/avito-shop/mocks/PasswordHasher.go:69.2,69.13 1 0
github.com/fridrock/avito-shop/mocks/ProductStorage.go:18.73,21.19 2 0
github.com/fridrock/avito-shop/mocks/ProductStorage.go:21.19,22.45 1 0
github.com/fridrock/avito-shop/mocks/ProductStorage.go:25.2,26.71 2 0
github.com/fridrock/avito-shop/mocks/ProductStorage.go:26.71,28.3 1 0
github.com/fridrock/avito-shop/mocks/ProductStorage.go:28.8,30.3 1 0
github.com/fridrock/avito-shop/mocks/ProductStorage.go:32.2,32.11 1 0
github.com/fridrock/avito-shop/mocks/ProductStorage.go:36.82,39.19 2 0
github.com/fridrock/avito-shop/mocks/ProductStorage.go:39.19,40.59 1 0
github.com/fridrock/avito-shop/mocks/ProductStorage.go:43.2,45.70 3 0
github.com/fridrock/avito-shop/mocks/ProductStorage.go:45.70,47.3 1 0
github.com/fridrock/avito-shop/mocks/ProductStorage.go:48.2,48.61 1 0
github.com/fridrock/avito-shop/mocks/ProductStorage.go:48.61,50.3 1 0
github.com/fridrock/avito-shop/mocks/ProductStorage.go:50.8,52.3 1 0
github.com/fridrock/avito-shop/mocks/ProductStorage.go:54.2,54.51 1 0
github.com/fridrock/avito-shop/mocks/ProductStorage.go:54.51,56.3 1 0
github.com/fridrock/avito-shop/mocks/ProductStorage.go:56.8,58.3 1 0
github.com/fridrock/avito-shop/mocks/ProductStorage.go:60.2,60.15 1 0
github.com/fridrock/avito-shop/mocks/ProductStorage.go:68.20,72.19 3 0
github.com/fridrock/avito-shop/mocks/ProductStorage.go:72.19,72.49 1 0
github.com/fridrock/avito-shop/mocks/ProductStorage.go:74.2,74.13 1 0
github.com/fridrock/avito-shop/mocks/ScanFunction.go:17.66,20.19 2 0
github.com/fridrock/avito-shop/mocks/ScanFunction.go:20.19,21.49 1 0
github.com/fridrock/avito-shop/mocks/ScanFunction.go:24.2,25.58 2 0
github.com/fridrock/avito-shop/mocks/ScanFunction.go:25.58,27.3 1 0
github.com/fridrock/avito-shop/mocks/ScanFunction.go:27.8,29.3 1 0
github.com/fridrock/avito-shop/mocks/ScanFunction.go:31.2,31.11 1 0
github.com/fridrock/avito-shop/mocks/ScanFunction.go:39.21,43.19 3 0
github.com/fridrock/avito-shop/mocks/ScanFunction.go:43.19,43.49 1 0
github.com/fridrock/avito-shop/mocks/ScanFunction.go:45.2,45.13 1 0
github.com/fridrock/avito-shop/mocks/SendCoinHandler.go:17.90,20.19 2 0
github.com/fridrock/avito-shop/mocks/SendCoinHandler.go:20.19,21.50 1 0
github.com/fridrock/avito-shop/mocks/SendCoinHandler.go:24.2,26.86 3 0
github.com/fridrock/avito-shop/mocks/SendCoinHandler.go:26.86,28.3 1 0
github.com/fridrock/avito-shop/mocks/SendCoinHandler.go:29.2,29.77 1 0
github.com/fridrock/avito-shop/mocks/SendCoinHandler.go:29.77,31.3 1 0
github.com/fridrock/avito-shop/mocks/SendCoinHandler.go:31.8,33.3 1 0
github.com/fridrock/avito-shop/mocks/SendCoinHandler.go:35.2,35.79 1 0
github.com/fridrock/avito-shop/mocks/SendCoinHandler.go:35.79,37.3 1 0
github.com/fridrock/avito-shop/mocks/SendCoinHandler.go:37.8,39.3 1 0
github.com/fridrock/avito-shop/mocks/SendCoinHandler.go:41.2,41.15 1 0
github.com/fridrock/avito-shop/mocks/SendCoinHandler.go:49.21,53.19 3 0
github.com/fridrock/avito-shop/mocks/SendCoinHandler.go:53.19,53.49 1 0
github.com/fridrock/avito-shop/mocks/SendCoinHandler.go:55.2,55.13 1 0
github.com/fridrock/avito-shop/mocks/TokenService.go:19.101,22.19 2 0
github.com/fridrock/avito-shop/mocks/TokenService.go:22.19,23.55 1 0
github.com/fridrock/avito-shop/mocks/TokenService.go:26.2,28.91 3 0
github.com/fridrock/avito-shop/mocks/TokenService.go:28.91,30.3 1 0
github.com/fridrock/avito-shop/mocks/TokenService.go:31.2,31.82 1 0
github.com/fridrock/avito-shop/mocks/TokenService.go:31.82,33.3 1 0
github.com/fridrock/avito-shop/mocks/TokenService.go:33.8,35.3 1 0
github.com/fridrock/avito-shop/mocks/TokenService.go:37.2,37.71 1 0
github.com/fridrock/avito-shop/mocks/TokenService.go:37.71,39.3 1 0
github.com/fridrock/avito-shop/mocks/TokenService.go:39.8,41.3 1 0
github.com/fridrock/avito-shop/mocks/TokenService.go:43.2,43.15 1 0
github.com/fridrock/avito-shop/mocks/TokenService.go:47.73,50.19 2 0
github.com/fridrock/avito-shop/mocks/TokenService.go:50.19,51.55 1 0
github.com/fridrock/avito-shop/mocks/TokenService.go:54.2,56.67 3 0
github.com/fridrock/avito-shop/mocks/TokenService.go:56.67,58.3 1 0
github.com/fridrock/avito-shop/mocks/TokenService.go:59.2,59.58 1 0
github.com/fridrock/avito-shop/mocks/TokenService.go:59.58,61.3 1 0
github.com/fridrock/avito-shop/mocks/TokenService.go:61.8,63.3 1 0
github.com/fridrock/avito-shop/mocks/TokenService.go:65.2,65.51 1 0
github.com/fridrock/avito-shop/mocks/TokenService.go:65.51,67.3 1 0
github.com/fridrock/avito-shop/mocks/TokenService.go:67.8,69.3 1 0
github.com/fridrock/avito-shop/mocks/TokenService.go:71.2,71.15 1 0
github.com/fridrock/avito-shop/mocks/TokenService.go:79.18,83.19 3 0
github.com/fridrock/avito-shop/mocks/TokenService.go:83.19,83.49 1 0
github.com/fridrock/avito-shop/mocks/TokenService.go:85.2,85.13 1 0
github.com/fridrock/avito-shop/mocks/UserStorage.go:18.70,21.19 2 0
github.com/fridrock/avito-shop/mocks/UserStorage.go:21.19,22.58 1 0
github.com/fridrock/avito-shop/mocks/UserStorage.go:25.2,26.58 2 0
github.com/fridrock/avito-shop/mocks/UserStorage.go:26.58,28.3 1 0
github.com/fridrock/avito-shop/mocks/UserStorage.go:28.8,30.3 1 0
github.com/fridrock/avito-shop/mocks/UserStorage.go:32.2,32.11 1 0
github.com/fridrock/avito-shop/mocks/UserStorage.go:36.77,39.19 2 0
github.com/fridrock/avito-shop/mocks/UserStorage.go:39.19,40.60 1 0
github.com/fridrock/avito-shop/mocks/UserStorage.go:43.2,45.67 3 0
github.com/fridrock/avito-shop/mocks/UserStorage.go:45.67,47.3 1 0
github.com/fridrock/avito-shop/mocks/UserStorage.go:48.2,48.58 1 0
github.com/fridrock/avito-shop/mocks/UserStorage.go:48.58,50.3 1 0
github.com/fridrock/avito-shop/mocks/UserStorage.go:50.8,52.3 1 0
github.com/fridrock/avito-shop/mocks/UserStorage.go:54.2,54.51 1 0
github.com/fridrock/avito-shop/mocks/UserStorage.go:54.51,56.3 1 0
github.com/fridrock/avito-shop/mocks/UserStorage.go:56.8,58.3 1 0
github.com/fridrock/avito-shop/mocks/UserStorage.go:60.2,60.15 1 0
github.com/fridrock/avito-shop/mocks/UserStorage.go:64.73,67.19 2 0
github.com/fridrock/avito-shop/mocks/UserStorage.go:67.19,68.53 1 0
github.com/fridrock/avito-shop/mocks/UserStorage.go:71.2,73.70 3 0
github.com/fridrock/avito-shop/mocks/UserStorage.go:73.70,75.3 1 0
github.com/fridrock/avito-shop/mocks/UserStorage.go:76.2,76.61 1 0
github.com/fridrock/avito-shop/mocks/UserStorage.go:76.61,78.3 1 0
github.com/fridrock/avito-shop/mocks/UserStorage.go:78.8,80.3 1 0
github.com/fridrock/avito-shop/mocks/UserStorage.go:82.2,82.54 1 0
github.com/fridrock/avito-shop/mocks/UserStorage.go:82.54,84.3 1 0
github.com/fridrock/avito-shop/mocks/UserStorage.go:84.8,86.3 1 0
github.com/fridrock/avito-shop/mocks/UserStorage.go:88.2,88.15 1 0
github.com/fridrock/avito-shop/mocks/UserStorage.go:92.70,95.19 2 0
github.com/fridrock/avito-shop/mocks/UserStorage.go:95.19,96.50 1 0
github.com/fridrock/avito-shop/mocks/UserStorage.go:99.2,101.70 3 0
github.com/fridrock/avito-shop/mocks/UserStorage.go:101.70,103.3 1 0
github.com/fridrock/avito-shop/mocks/UserStorage.go:104.2,104.61 1 0
github.com/fridrock/avito-shop/mocks/UserStorage.go:104.61,106.3 1 0
github.com/fridrock/avito-shop/mocks/UserStorage.go:106.8,107.24 1 0
github.com/fridrock/avito-shop/mocks/UserStorage.go:107.24,109.4 1 0
github.com/fridrock/avito-shop/mocks/UserStorage.go:112.2,112.57 1 0
github.com/fridrock/avito-shop/mocks/UserStorage.go:112.57,114.3 1 0
github.com/fridrock/avito-shop/mocks/UserStorage.go:114.8,116.3 1 0
github.com/fridrock/avito-shop/mocks/UserStorage.go:118.2,118.15 1 0
github.com/fridrock/avito-shop/mocks/UserStorage.go:126.17,130.19 3 0
github.com/fridrock/avito-shop/mocks/UserStorage.go:130.19,130.49 1 0
github.com/fridrock/avito-shop/mocks/UserStorage.go:132.2,132.13 1 0
github.com/fridrock/avito-shop/db/connect.go:14.34,17.16 3 0
github.com/fridrock/avito-shop/db/connect.go:17.16,19.3 1 0
github.com/fridrock/avito-shop/db/connect.go:20.2,22.11 3 0
github.com/fridrock/avito-shop/db/connect.go:25.38,29.2 3 0
github.com/fridrock/avito-shop/db/connect.go:31.77,32.40 1 0
github.com/fridrock/avito-shop/db/connect.go:32.40,34.3 1 0
github.com/fridrock/avito-shop/db/connect.go:35.2,39.35 1 0
github.com/fridrock/avito-shop/db/connect.go:42.50,44.13 2 0
github.com/fridrock/avito-shop/db/connect.go:44.13,46.3 1 0
github.com/fridrock/avito-shop/db/connect.go:47.2,47.15 1 0
github.com/fridrock/avito-shop/handlers/authHandler.go:26.82,28.16 2 1
github.com/fridrock/avito-shop/handlers/authHandler.go:28.16,30.3 1 1
github.com/fridrock/avito-shop/handlers/authHandler.go:31.2,33.16 2 1
github.com/fridrock/avito-shop/handlers/authHandler.go:33.16,34.81 1 1
github.com/fridrock/avito-shop/handlers/authHandler.go:34.81,36.4 1 1
github.com/fridrock/avito-shop/handlers/authHandler.go:36.9,38.4 1 1
github.com/fridrock/avito-shop/handlers/authHandler.go:39.8,40.36 1 1
github.com/fridrock/avito-shop/handlers/authHandler.go:40.36,42.18 2 1
github.com/fridrock/avito-shop/handlers/authHandler.go:42.18,44.5 1 1
github.com/fridrock/avito-shop/handlers/authHandler.go:45.4,50.18 3 1
github.com/fridrock/avito-shop/handlers/authHandler.go:50.18,52.5 1 1
github.com/fridrock/avito-shop/handlers/authHandler.go:53.4,53.48 1 1
github.com/fridrock/avito-shop/handlers/authHandler.go:55.3,55.45 1 0
github.com/fridrock/avito-shop/handlers/authHandler.go:59.117,61.16 2 1
github.com/fridrock/avito-shop/handlers/authHandler.go:61.16,63.3 1 0
github.com/fridrock/avito-shop/handlers/authHandler.go:64.2,64.44 1 1
github.com/fridrock/avito-shop/handlers/authHandler.go:66.114,72.2 1 1
github.com/fridrock/avito-shop/handlers/buyHandler.go:21.80,25.20 3 1
github.com/fridrock/avito-shop/handlers/buyHandler.go:25.20,27.3 1 1
github.com/fridrock/avito-shop/handlers/buyHandler.go:29.2,30.16 2 1
github.com/fridrock/avito-shop/handlers/buyHandler.go:30.16,32.3 1 1
github.com/fridrock/avito-shop/handlers/buyHandler.go:34.2,35.21 2 1
github.com/fridrock/avito-shop/handlers/buyHandler.go:35.21,37.3 1 1
github.com/fridrock/avito-shop/handlers/buyHandler.go:38.2,39.16 2 1
github.com/fridrock/avito-shop/handlers/buyHandler.go:39.16,41.3 1 1
github.com/fridrock/avito-shop/handlers/buyHandler.go:42.2,42.27 1 1
github.com/fridrock/avito-shop/handlers/buyHandler.go:45.82,50.2 1 1
github.com/fridrock/avito-shop/handlers/getInfoHandler.go:20.88,23.16 3 1
github.com/fridrock/avito-shop/handlers/getInfoHandler.go:23.16,25.3 1 0
github.com/fridrock/avito-shop/handlers/getInfoHandler.go:26.2,28.16 3 1
github.com/fridrock/avito-shop/handlers/getInfoHandler.go:28.16,30.3 1 1
github.com/fridrock/avito-shop/handlers/getInfoHandler.go:31.2,31.35 1 1
github.com/fridrock/avito-shop/handlers/getInfoHandler.go:34.81,39.2 1 1
github.com/fridrock/avito-shop/handlers/sendCoinHandler.go:23.90,25.16 2 1
github.com/fridrock/avito-shop/handlers/sendCoinHandler.go:25.16,27.3 1 1
github.com/fridrock/avito-shop/handlers/sendCoinHandler.go:29.2,29.32 1 1
github.com/fridrock/avito-shop/handlers/sendCoinHandler.go:29.32,31.3 1 0
github.com/fridrock/avito-shop/handlers/sendCoinHandler.go:32.2,37.21 5 1
github.com/fridrock/avito-shop/handlers/sendCoinHandler.go:37.21,39.3 1 1
github.com/fridrock/avito-shop/handlers/sendCoinHandler.go:40.2,40.46 1 1
github.com/fridrock/avito-shop/handlers/sendCoinHandler.go:40.46,42.3 1 1
github.com/fridrock/avito-shop/handlers/sendCoinHandler.go:43.2,43.21 1 1
github.com/fridrock/avito-shop/handlers/sendCoinHandler.go:43.21,45.3 1 1
github.com/fridrock/avito-shop/handlers/sendCoinHandler.go:47.2,48.16 2 1
github.com/fridrock/avito-shop/handlers/sendCoinHandler.go:48.16,50.3 1 1
github.com/fridrock/avito-shop/handlers/sendCoinHandler.go:51.2,51.27 1 1
github.com/fridrock/avito-shop/handlers/sendCoinHandler.go:54.89,59.2 1 1
github.com/fridrock/avito-shop/mocks/AuthHandler.go:17.82,20.19 2 0
github.com/fridrock/avito-shop/mocks/AuthHandler.go:20.19,21.46 1 0
github.com/fridrock/avito-shop/mocks/AuthHandler.go:24.2,26.86 3 0
github.com/fridrock/avito-shop/mocks/AuthHandler.go:26.86,28.3 1 0
github.com/fridrock/avito-shop/mocks/AuthHandler.go:29.2,29.77 1 0
github.com/fridrock/avito-shop/mocks/AuthHandler.go:29.77,31.3 1 0
github.com/fridrock/avito-shop/mocks/AuthHandler.go:31.8,33.3 1 0
github.com/fridrock/avito-shop/mocks/AuthHandler.go:35.2,35.79 1 0
github.com/fridrock/avito-shop/mocks/AuthHandler.go:35.79,37.3 1 0
github.com/fridrock/avito-shop/mocks/AuthHandler.go:37.8,39.3 1 0
github.com/fridrock/avito-shop/mocks/AuthHandler.go:41.2,41.15 1 0
github.com/fridrock/avito-shop/mocks/AuthHandler.go:49.17,53.19 3 0
github.com/fridrock/avito-shop/mocks/AuthHandler.go:53.19,53.49 1 0
github.com/fridrock/avito-shop/mocks/AuthHandler.go:55.2,55.13 1 0
github.com/fridrock/avito-shop/mocks/AuthManager.go:16.88,19.19 2 0
github.com/fridrock/avito-shop/mocks/AuthManager.go:19.19,20.56 1 0
github.com/fridrock/avito-shop/mocks/AuthManager.go:23.2,24.84 2 0
github.com/fridrock/avito-shop/mocks/AuthManager.go:24.84,26.3 1 0
github.com/fridrock/avito-shop/mocks/AuthManager.go:26.8,27.24 1 0
github.com/fridrock/avito-shop/mocks/AuthManager.go:27.24,29.4 1 0
github.com/fridrock/avito-shop/mocks/AuthManager.go:32.2,32.11 1 0
github.com/fridrock/avito-shop/mocks/AuthManager.go:40.17,44.19 3 0
github.com/fridrock/avito-shop/mocks/AuthManager.go:44.19,44.49 1 0
github.com/fridrock/avito-shop/mocks/AuthManager.go:46.2,46.13 1 0
github.com/fridrock/avito-shop/mocks/BuyHandler.go:17.80,20.19 2 0
github.com/fridrock/avito-shop/mocks/BuyHandler.go:20.19,21.45 1 0
github.com/fridrock/avito-shop/mocks/BuyHandler.go:24.2,26.86 3 0
github.com/fridrock/avito-shop/mocks/BuyHandler.go:26.86,28.3 1 0
github.com/fridrock/avito-shop/mocks/BuyHandler.go:29.2,29.77 1 0
github.com/fridrock/avito-shop/mocks/BuyHandler.go:29.77,31.3 1 0
github.com/fridrock/avito-shop/mocks/BuyHandler.go:31.8,33.3 1 0
github.com/fridrock/avito-shop/mocks/BuyHandler.go:35.2,35.79 1 0
github.com/fridrock/avito-shop/mocks/BuyHandler.go:35.79,37.3 1 0
github.com/fridrock/avito-shop/mocks/BuyHandler.go:37.8,39.3 1 0
github.com/fridrock/avito-shop/mocks/BuyHandler.go:41.2,41.15 1 0
github.com/fridrock/avito-shop/mocks/BuyHandler.go:49.16,53.19 3 0
github.com/fridrock/avito-shop/mocks/BuyHandler.go:53.19,53.49 1 0
github.com/fridrock/avito-shop/mocks/BuyHandler.go:55.2,55.13 1 0
github.com/fridrock/avito-shop/mocks/CoinStorage.go:17.78,20.19 2 1
github.com/fridrock/avito-shop/mocks/CoinStorage.go:20.19,21.50 1 0
github.com/fridrock/avito-shop/mocks/CoinStorage.go:24.2,25.70 2 1
github.com/fridrock/avito-shop/mocks/CoinStorage.go:25.70,27.3 1 0
github.com/fridrock/avito-shop/mocks/CoinStorage.go:27.8,29.3 1 1
github.com/fridrock/avito-shop/mocks/CoinStorage.go:31.2,31.11 1 1
github.com/fridrock/avito-shop/mocks/CoinStorage.go:39.17,43.19 3 1
github.com/fridrock/avito-shop/mocks/CoinStorage.go:43.19,43.49 1 1
github.com/fridrock/avito-shop/mocks/CoinStorage.go:45.2,45.13 1 1
github.com/fridrock/avito-shop/mocks/HandlerWithError.go:17.90,20.19 2 0
github.com/fridrock/avito-shop/mocks/HandlerWithError.go:20.19,21.49 1 0
github.com/fridrock/avito-shop/mocks/HandlerWithError.go:24.2,26.86 3 0
github.com/fridrock/avito-shop/mocks/HandlerWithError.go:26.86,28.3 1 0
github.com/fridrock/avito-shop/mocks/HandlerWithError.go:29.2,29.77 1 0
github.com/fridrock/avito-shop/mocks/HandlerWithError.go:29.77,31.3 1 0
github.com/fridrock/avito-shop/mocks/HandlerWithError.go:31.8,33.3 1 0
github.com/fridrock/avito-shop/mocks/HandlerWithError.go:35.2,35.79 1 0
github.com/fridrock/avito-shop/mocks/HandlerWithError.go:35.79,37.3 1 0
github.com/fridrock/avito-shop/mocks/HandlerWithError.go:37.8,39.3 1 0
github.com/fridrock/avito-shop/mocks/HandlerWithError.go:41.2,41.15 1 0
github.com/fridrock/avito-shop/mocks/HandlerWithError.go:49.22,53.19 3 0
github.com/fridrock/avito-shop/mocks/HandlerWithError.go:53.19,53.49 1 0
github.com/fridrock/avito-shop/mocks/HandlerWithError.go:55.2,55.13 1 0
github.com/fridrock/avito-shop/mocks/InfoHandler.go:17.85,20.19 2 0
github.com/fridrock/avito-shop/mocks/InfoHandler.go:20.19,21.49 1 0
github.com/fridrock/avito-shop/mocks/InfoHandler.go:24.2,26.86 3 0
github.com/fridrock/avito-shop/mocks/InfoHandler.go:26.86,28.3 1 0
github.com/fridrock/avito-shop/mocks/InfoHandler.go:29.2,29.77 1 0
github.com/fridrock/avito-shop/mocks/InfoHandler.go:29.77,31.3 1 0
github.com/fridrock/avito-shop/mocks/InfoHandler.go:31.8,33.3 1 0
github.com/fridrock/avito-shop/mocks/InfoHandler.go:35.2,35.79 1 0
github.com/fridrock/avito-shop/mocks/InfoHandler.go:35.79,37.3 1 0
github.com/fridrock/avito-shop/mocks/InfoHandler.go:37.8,39.3 1 0
github.com/fridrock/avito-shop/mocks/InfoHandler.go:41.2,41.15 1 0
github.com/fridrock/avito-shop/mocks/InfoHandler.go:49.17,53.19 3 0
github.com/fridrock/avito-shop/mocks/InfoHandler.go:53.19,53.49 1 0
github.com/fridrock/avito-shop/mocks/InfoHandler.go:55.2,55.13 1 0
github.com/fridrock/avito-shop/mocks/InfoStorage.go:18.81,21.19 2 1
github.com/fridrock/avito-shop/mocks/InfoStorage.go:21.19,22.57 1 0
github.com/fridrock/avito-shop/mocks/InfoStorage.go:25.2,27.74 3 1
github.com/fridrock/avito-shop/mocks/InfoStorage.go:27.74,29.3 1 0
github.com/fridrock/avito-shop/mocks/InfoStorage.go:30.2,30.65 1 1
github.com/fridrock/avito-shop/mocks/InfoStorage.go:30.65,32.3 1 0
github.com/fridrock/avito-shop/mocks/InfoStorage.go:32.8,34.3 1 1
github.com/fridrock/avito-shop/mocks/InfoStorage.go:36.2,36.54 1 1
github.com/fridrock/avito-shop/mocks/InfoStorage.go:36.54,38.3 1 0
github.com/fridrock/avito-shop/mocks/InfoStorage.go:38.8,40.3 1 1
github.com/fridrock/avito-shop/mocks/InfoStorage.go:42.2,42.15 1 1
github.com/fridrock/avito-shop/mocks/InfoStorage.go:50.17,54.19 3 1
github.com/fridrock/avito-shop/mocks/InfoStorage.go:54.19,54.49 1 1
github.com/fridrock/avito-shop/mocks/InfoStorage.go:56.2,56.13 1 1
github.com/fridrock/avito-shop/mocks/PasswordHasher.go:13.70,16.19 2 1
github.com/fridrock/avito-shop/mocks/PasswordHasher.go:16.19,17.55 1 0
github.com/fridrock/avito-shop/mocks/PasswordHasher.go:20.2,21.58 2 1
github.com/fridrock/avito-shop/mocks/PasswordHasher.go:21.58,23.3 1 0
github.com/fridrock/avito-shop/mocks/PasswordHasher.go:23.8,25.3 1 1
github.com/fridrock/avito-shop/mocks/PasswordHasher.go:27.2,27.11 1 1
github.com/fridrock/avito-shop/mocks/PasswordHasher.go:31.68,34.19 2 1
github.com/fridrock/avito-shop/mocks/PasswordHasher.go:34.19,35.54 1 0
github.com/fridrock/avito-shop/mocks/PasswordHasher.go:38.2,40.61 3 1
github.com/fridrock/avito-shop/mocks/PasswordHasher.go:40.61,42.3 1 0
github.com/fridrock/avito-shop/mocks/PasswordHasher.go:43.2,43.52 1 1
github.com/fridrock/avito-shop/mocks/PasswordHasher.go:43.52,45.3 1 0
github.com/fridrock/avito-shop/mocks/PasswordHasher.go:45.8,47.3 1 1
github.com/fridrock/avito-shop/mocks/PasswordHasher.go:49.2,49.51 1 1
github.com/fridrock/avito-shop/mocks/PasswordHasher.go:49.51,51.3 1 0
github.com/fridrock/avito-shop/mocks/PasswordHasher.go:51.8,53.3 1 1
github.com/fridrock/avito-shop/mocks/PasswordHasher.go:55.2,55.15 1 1
github.com/fridrock/avito-shop/mocks/PasswordHasher.go:63.20,67.19 3 1
github.com/fridrock/avito-shop/mocks/PasswordHasher.go:67.19,67.49 1 1
github.com/fridrock/avito-shop/mocks/PasswordHasher.go:69.2,69.13 1 1
github.com/fridrock/avito-shop/mocks/ProductStorage.go:18.73,21.19 2 1
github.com/fridrock/avito-shop/mocks/ProductStorage.go:21.19,22.45 1 0
github.com/fridrock/avito-shop/mocks/ProductStorage.go:25.2,26.71 2 1
github.com/fridrock/avito-shop/mocks/ProductStorage.go:26.71,28.3 1 0
github.com/fridrock/avito-shop/mocks/ProductStorage.go:28.8,30.3 1 1
github.com/fridrock/avito-shop/mocks/ProductStorage.go:32.2,32.11 1 1
github.com/fridrock/avito-shop/mocks/ProductStorage.go:36.82,39.19 2 1
github.com/fridrock/avito-shop/mocks/ProductStorage.go:39.19,40.59 1 0
github.com/fridrock/avito-shop/mocks/ProductStorage.go:43.2,45.70 3 1
github.com/fridrock/avito-shop/mocks/ProductStorage.go:45.70,47.3 1 0
github.com/fridrock/avito-shop/mocks/ProductStorage.go:48.2,48.61 1 1
github.com/fridrock/avito-shop/mocks/ProductStorage.go:48.61,50.3 1 0
github.com/fridrock/avito-shop/mocks/ProductStorage.go:50.8,52.3 1 1
github.com/fridrock/avito-shop/mocks/ProductStorage.go:54.2,54.51 1 1
github.com/fridrock/avito-shop/mocks/ProductStorage.go:54.51,56.3 1 0
github.com/fridrock/avito-shop/mocks/ProductStorage.go:56.8,58.3 1 1
github.com/fridrock/avito-shop/mocks/ProductStorage.go:60.2,60.15 1 1
github.com/fridrock/avito-shop/mocks/ProductStorage.go:68.20,72.19 3 1
github.com/fridrock/avito-shop/mocks/ProductStorage.go:72.19,72.49 1 1
github.com/fridrock/avito-shop/mocks/ProductStorage.go:74.2,74.13 1 1
github.com/fridrock/avito-shop/mocks/ScanFunction.go:17.66,20.19 2 0
github.com/fridrock/avito-shop/mocks/ScanFunction.go:20.19,21.49 1 0
github.com/fridrock/avito-shop/mocks/ScanFunction.go:24.2,25.58 2 0
github.com/fridrock/avito-shop/mocks/ScanFunction.go:25.58,27.3 1 0
github.com/fridrock/avito-shop/mocks/ScanFunction.go:27.8,29.3 1 0
github.com/fridrock/avito-shop/mocks/ScanFunction.go:31.2,31.11 1 0
github.com/fridrock/avito-shop/mocks/ScanFunction.go:39.21,43.19 3 0
github.com/fridrock/avito-shop/mocks/ScanFunction.go:43.19,43.49 1 0
github.com/fridrock/avito-shop/mocks/ScanFunction.go:45.2,45.13 1 0
github.com/fridrock/avito-shop/mocks/SendCoinHandler.go:17.90,20.19 2 0
github.com/fridrock/avito-shop/mocks/SendCoinHandler.go:20.19,21.50 1 0
github.com/fridrock/avito-shop/mocks/SendCoinHandler.go:24.2,26.86 3 0
github.com/fridrock/avito-shop/mocks/SendCoinHandler.go:26.86,28.3 1 0
github.com/fridrock/avito-shop/mocks/SendCoinHandler.go:29.2,29.77 1 0
github.com/fridrock/avito-shop/mocks/SendCoinHandler.go:29.77,31.3 1 0
github.com/fridrock/avito-shop/mocks/SendCoinHandler.go:31.8,33.3 1 0
github.com/fridrock/avito-shop/mocks/SendCoinHandler.go:35.2,35.79 1 0
github.com/fridrock/avito-shop/mocks/SendCoinHandler.go:35.79,37.3 1 0
github.com/fridrock/avito-shop/mocks/SendCoinHandler.go:37.8,39.3 1 0
github.com/fridrock/avito-shop/mocks/SendCoinHandler.go:41.2,41.15 1 0
github.com/fridrock/avito-shop/mocks/SendCoinHandler.go:49.21,53.19 3 0
github.com/fridrock/avito-shop/mocks/SendCoinHandler.go:53.19,53.49 1 0
github.com/fridrock/avito-shop/mocks/SendCoinHandler.go:55.2,55.13 1 0
github.com/fridrock/avito-shop/mocks/TokenService.go:19.101,22.19 2 1
github.com/fridrock/avito-shop/mocks/TokenService.go:22.19,23.55 1 0
github.com/fridrock/avito-shop/mocks/TokenService.go:26.2,28.91 3 1
github.com/fridrock/avito-shop/mocks/TokenService.go:28.91,30.3 1 0
github.com/fridrock/avito-shop/mocks/TokenService.go:31.2,31.82 1 1
github.com/fridrock/avito-shop/mocks/TokenService.go:31.82,33.3 1 0
github.com/fridrock/avito-shop/mocks/TokenService.go:33.8,35.3 1 1
github.com/fridrock/avito-shop/mocks/TokenService.go:37.2,37.71 1 1
github.com/fridrock/avito-shop/mocks/TokenService.go:37.71,39.3 1 0
github.com/fridrock/avito-shop/mocks/TokenService.go:39.8,41.3 1 1
github.com/fridrock/avito-shop/mocks/TokenService.go:43.2,43.15 1 1
github.com/fridrock/avito-shop/mocks/TokenService.go:47.73,50.19 2 0
github.com/fridrock/avito-shop/mocks/TokenService.go:50.19,51.55 1 0
github.com/fridrock/avito-shop/mocks/TokenService.go:54.2,56.67 3 0
github.com/fridrock/avito-shop/mocks/TokenService.go:56.67,58.3 1 0
github.com/fridrock/avito-shop/mocks/TokenService.go:59.2,59.58 1 0
github.com/fridrock/avito-shop/mocks/TokenService.go:59.58,61.3 1 0
github.com/fridrock/avito-shop/mocks/TokenService.go:61.8,63.3 1 0
github.com/fridrock/avito-shop/mocks/TokenService.go:65.2,65.51 1 0
github.com/fridrock/avito-shop/mocks/TokenService.go:65.51,67.3 1 0
github.com/fridrock/avito-shop/mocks/TokenService.go:67.8,69.3 1 0
github.com/fridrock/avito-shop/mocks/TokenService.go:71.2,71.15 1 0
github.com/fridrock/avito-shop/mocks/TokenService.go:79.18,83.19 3 1
github.com/fridrock/avito-shop/mocks/TokenService.go:83.19,83.49 1 1
github.com/fridrock/avito-shop/mocks/TokenService.go:85.2,85.13 1 1
github.com/fridrock/avito-shop/mocks/UserStorage.go:18.70,21.19 2 1
github.com/fridrock/avito-shop/mocks/UserStorage.go:21.19,22.58 1 0
github.com/fridrock/avito-shop/mocks/UserStorage.go:25.2,26.58 2 1
github.com/fridrock/avito-shop/mocks/UserStorage.go:26.58,28.3 1 0
github.com/fridrock/avito-shop/mocks/UserStorage.go:28.8,30.3 1 1
github.com/fridrock/avito-shop/mocks/UserStorage.go:32.2,32.11 1 1
github.com/fridrock/avito-shop/mocks/UserStorage.go:36.77,39.19 2 1
github.com/fridrock/avito-shop/mocks/UserStorage.go:39.19,40.60 1 0
github.com/fridrock/avito-shop/mocks/UserStorage.go:43.2,45.67 3 1
github.com/fridrock/avito-shop/mocks/UserStorage.go:45.67,47.3 1 0
github.com/fridrock/avito-shop/mocks/UserStorage.go:48.2,48.58 1 1
github.com/fridrock/avito-shop/mocks/UserStorage.go:48.58,50.3 1 0
github.com/fridrock/avito-shop/mocks/UserStorage.go:50.8,52.3 1 1
github.com/fridrock/avito-shop/mocks/UserStorage.go:54.2,54.51 1 1
github.com/fridrock/avito-shop/mocks/UserStorage.go:54.51,56.3 1 0
github.com/fridrock/avito-shop/mocks/UserStorage.go:56.8,58.3 1 1
github.com/fridrock/avito-shop/mocks/UserStorage.go:60.2,60.15 1 1
github.com/fridrock/avito-shop/mocks/UserStorage.go:64.73,67.19 2 1
github.com/fridrock/avito-shop/mocks/UserStorage.go:67.19,68.53 1 0
github.com/fridrock/avito-shop/mocks/UserStorage.go:71.2,73.70 3 1
github.com/fridrock/avito-shop/mocks/UserStorage.go:73.70,75.3 1 0
github.com/fridrock/avito-shop/mocks/UserStorage.go:76.2,76.61 1 1
github.com/fridrock/avito-shop/mocks/UserStorage.go:76.61,78.3 1 0
github.com/fridrock/avito-shop/mocks/UserStorage.go:78.8,80.3 1 1
github.com/fridrock/avito-shop/mocks/UserStorage.go:82.2,82.54 1 1
github.com/fridrock/avito-shop/mocks/UserStorage.go:82.54,84.3 1 0
github.com/fridrock/avito-shop/mocks/UserStorage.go:84.8,86.3 1 1
github.com/fridrock/avito-shop/mocks/UserStorage.go:88.2,88.15 1 1
github.com/fridrock/avito-shop/mocks/UserStorage.go:92.70,95.19 2 1
github.com/fridrock/avito-shop/mocks/UserStorage.go:95.19,96.50 1 0
github.com/fridrock/avito-shop/mocks/UserStorage.go:99.2,101.70 3 1
github.com/fridrock/avito-shop/mocks/UserStorage.go:101.70,103.3 1 0
github.com/fridrock/avito-shop/mocks/UserStorage.go:104.2,104.61 1 1
github.com/fridrock/avito-shop/mocks/UserStorage.go:104.61,106.3 1 0
github.com/fridrock/avito-shop/mocks/UserStorage.go:106.8,107.24 1 1
github.com/fridrock/avito-shop/mocks/UserStorage.go:107.24,109.4 1 1
github.com/fridrock/avito-shop/mocks/UserStorage.go:112.2,112.57 1 1
github.com/fridrock/avito-shop/mocks/UserStorage.go:112.57,114.3 1 0
github.com/fridrock/avito-shop/mocks/UserStorage.go:114.8,116.3 1 1
github.com/fridrock/avito-shop/mocks/UserStorage.go:118.2,118.15 1 1
github.com/fridrock/avito-shop/mocks/UserStorage.go:126.17,130.19 3 1
github.com/fridrock/avito-shop/mocks/UserStorage.go:130.19,130.49 1 1
github.com/fridrock/avito-shop/mocks/UserStorage.go:132.2,132.13 1 1
github.com/fridrock/avito-shop/auth/handleWithAuth.go:19.53,21.2 1 1
github.com/fridrock/avito-shop/auth/handleWithAuth.go:30.60,34.2 1 1
github.com/fridrock/avito-shop/auth/handleWithAuth.go:36.79,40.22 3 1
github.com/fridrock/avito-shop/auth/handleWithAuth.go:40.22,42.3 1 1
github.com/fridrock/avito-shop/auth/handleWithAuth.go:45.2,46.62 2 1
github.com/fridrock/avito-shop/auth/handleWithAuth.go:46.62,48.3 1 1
github.com/fridrock/avito-shop/auth/handleWithAuth.go:50.2,51.16 2 1
github.com/fridrock/avito-shop/auth/handleWithAuth.go:51.16,53.3 1 1
github.com/fridrock/avito-shop/auth/handleWithAuth.go:54.2,54.18 1 1
github.com/fridrock/avito-shop/auth/handleWithAuth.go:57.87,58.67 1 1
github.com/fridrock/avito-shop/auth/handleWithAuth.go:58.67,60.17 2 1
github.com/fridrock/avito-shop/auth/handleWithAuth.go:60.17,63.4 2 1
github.com/fridrock/avito-shop/auth/handleWithAuth.go:64.3,65.34 2 1
github.com/fridrock/avito-shop/auth/tokenService.go:23.112,26.16 3 1
github.com/fridrock/avito-shop/auth/tokenService.go:26.16,28.3 1 0
github.com/fridrock/avito-shop/auth/tokenService.go:29.2,30.17 2 1
github.com/fridrock/avito-shop/auth/tokenService.go:33.96,40.2 2 1
github.com/fridrock/avito-shop/auth/tokenService.go:42.81,45.16 3 1
github.com/fridrock/avito-shop/auth/tokenService.go:45.16,47.3 1 1
github.com/fridrock/avito-shop/auth/tokenService.go:48.2,50.17 3 1
github.com/fridrock/avito-shop/auth/tokenService.go:59.77,62.16 3 1
github.com/fridrock/avito-shop/auth/tokenService.go:62.16,64.3 1 1
github.com/fridrock/avito-shop/auth/tokenService.go:65.2,65.55 1 1
github.com/fridrock/avito-shop/auth/tokenService.go:65.55,67.17 2 1
github.com/fridrock/avito-shop/auth/tokenService.go:67.17,69.4 1 0
github.com/fridrock/avito-shop/auth/tokenService.go:70.3,72.21 3 1
github.com/fridrock/avito-shop/auth/tokenService.go:72.21,74.4 1 0
github.com/fridrock/avito-shop/auth/tokenService.go:75.3,77.17 3 1
github.com/fridrock/avito-shop/auth/tokenService.go:77.17,79.4 1 0
github.com/fridrock/avito-shop/auth/tokenService.go:80.3,80.16 1 1
github.com/fridrock/avito-shop/auth/tokenService.go:82.2,82.17 1 1
github.com/fridrock/avito-shop/auth/tokenService.go:85.78,86.68 1 1
github.com/fridrock/avito-shop/auth/tokenService.go:86.68,87.58 1 1
github.com/fridrock/avito-shop/auth/tokenService.go:87.58,89.4 1 0
github.com/fridrock/avito-shop/auth/tokenService.go:90.3,90.28 1 1
github.com/fridrock/avito-shop/auth/tokenService.go:94.37,97.13 3 1
github.com/fridrock/avito-shop/auth/tokenService.go:97.13,99.3 1 0
github.com/fridrock/avito-shop/auth/tokenService.go:101.2,103.3 1 1
github.com/fridrock/avito-shop/mocks/AuthHandler.go:17.82,20.19 2 0
github.com/fridrock/avito-shop/mocks/AuthHandler.go:20.19,21.46 1 0
github.com/fridrock/avito-shop/mocks/AuthHandler.go:24.2,26.86 3 0
github.com/fridrock/avito-shop/mocks/AuthHandler.go:26.86,28.3 1 0
github.com/fridrock/avito-shop/mocks/AuthHandler.go:29.2,29.77 1 0
github.com/fridrock/avito-shop/mocks/AuthHandler.go:29.77,31.3 1 0
github.com/fridrock/avito-shop/mocks/AuthHandler.go:31.8,33.3 1 0
github.com/fridrock/avito-shop/mocks/AuthHandler.go:35.2,35.79 1 0
github.com/fridrock/avito-shop/mocks/AuthHandler.go:35.79,37.3 1 0
github.com/fridrock/avito-shop/mocks/AuthHandler.go:37.8,39.3 1 0
github.com/fridrock/avito-shop/mocks/AuthHandler.go:41.2,41.15 1 0
github.com/fridrock/avito-shop/mocks/AuthHandler.go:49.17,53.19 3 0
github.com/fridrock/avito-shop/mocks/AuthHandler.go:53.19,53.49 1 0
github.com/fridrock/avito-shop/mocks/AuthHandler.go:55.2,55.13 1 0
github.com/fridrock/avito-shop/mocks/AuthManager.go:16.88,19.19 2 0
github.com/fridrock/avito-shop/mocks/AuthManager.go:19.19,20.56 1 0
github.com/fridrock/avito-shop/mocks/AuthManager.go:23.2,24.84 2 0
github.com/fridrock/avito-shop/mocks/AuthManager.go:24.84,26.3 1 0
github.com/fridrock/avito-shop/mocks/AuthManager.go:26.8,27.24 1 0
github.com/fridrock/avito-shop/mocks/AuthManager.go:27.24,29.4 1 0
github.com/fridrock/avito-shop/mocks/AuthManager.go:32.2,32.11 1 0
github.com/fridrock/avito-shop/mocks/AuthManager.go:40.17,44.19 3 0
github.com/fridrock/avito-shop/mocks/AuthManager.go:44.19,44.49 1 0
github.com/fridrock/avito-shop/mocks/AuthManager.go:46.2,46.13 1 0
github.com/fridrock/avito-shop/mocks/BuyHandler.go:17.80,20.19 2 0
github.com/fridrock/avito-shop/mocks/BuyHandler.go:20.19,21.45 1 0
github.com/fridrock/avito-shop/mocks/BuyHandler.go:24.2,26.86 3 0
github.com/fridrock/avito-shop/mocks/BuyHandler.go:26.86,28.3 1 0
github.com/fridrock/avito-shop/mocks/BuyHandler.go:29.2,29.77 1 0
github.com/fridrock/avito-shop/mocks/BuyHandler.go:29.77,31.3 1 0
github.com/fridrock/avito-shop/mocks/BuyHandler.go:31.8,33.3 1 0
github.com/fridrock/avito-shop/mocks/BuyHandler.go:35.2,35.79 1 0
github.com/fridrock/avito-shop/mocks/BuyHandler.go:35.79,37.3 1 0
github.com/fridrock/avito-shop/mocks/BuyHandler.go:37.8,39.3 1 0
github.com/fridrock/avito-shop/mocks/BuyHandler.go:41.2,41.15 1 0
github.com/fridrock/avito-shop/mocks/BuyHandler.go:49.16,53.19 3 0
github.com/fridrock/avito-shop/mocks/BuyHandler.go:53.19,53.49 1 0
github.com/fridrock/avito-shop/mocks/BuyHandler.go:55.2,55.13 1 0
github.com/fridrock/avito-shop/mocks/CoinStorage.go:17.78,20.19 2 0
github.com/fridrock/avito-shop/mocks/CoinStorage.go:20.19,21.50 1 0
github.com/fridrock/avito-shop/mocks/CoinStorage.go:24.2,25.70 2 0
github.com/fridrock/avito-shop/mocks/CoinStorage.go:25.70,27.3 1 0
github.com/fridrock/avito-shop/mocks/CoinStorage.go:27.8,29.3 1 0
github.com/fridrock/avito-shop/mocks/CoinStorage.go:31.2,31.11 1 0
github.com/fridrock/avito-shop/mocks/CoinStorage.go:39.17,43.19 3 0
github.com/fridrock/avito-shop/mocks/CoinStorage.go:43.19,43.49 1 0
github.com/fridrock/avito-shop/mocks/CoinStorage.go:45.2,45.13 1 0
github.com/fridrock/avito-shop/mocks/HandlerWithError.go:17.90,20.19 2 0
github.com/fridrock/avito-shop/mocks/HandlerWithError.go:20.19,21.49 1 0
github.com/fridrock/avito-shop/mocks/HandlerWithError.go:24.2,26.86 3 0
github.com/fridrock/avito-shop/mocks/HandlerWithError.go:26.86,28.3 1 0
github.com/fridrock/avito-shop/mocks/HandlerWithError.go:29.2,29.77 1 0
github.com/fridrock/avito-shop/mocks/HandlerWithError.go:29.77,31.3 1 0
github.com/fridrock/avito-shop/mocks/HandlerWithError.go:31.8,33.3 1 0
github.com/fridrock/avito-shop/mocks/HandlerWithError.go:35.2,35.79 1 0
github.com/fridrock/avito-shop/mocks/HandlerWithError.go:35.79,37.3 1 0
github.com/fridrock/avito-shop/mocks/HandlerWithError.go:37.8,39.3 1 0
github.com/fridrock/avito-shop/mocks/HandlerWithError.go:41.2,41.15 1 0
github.com/fridrock/avito-shop/mocks/HandlerWithError.go:49.22,53.19 3 0
github.com/fridrock/avito-shop/mocks/HandlerWithError.go:53.19,53.49 1 0
github.com/fridrock/avito-shop/mocks/HandlerWithError.go:55.2,55.13 1 0
github.com/fridrock/avito-shop/mocks/InfoHandler.go:17.85,20.19 2 0
github.com/fridrock/avito-shop/mocks/InfoHandler.go:20.19,21.49 1 0
github.com/fridrock/avito-shop/mocks/InfoHandler.go:24.2,26.86 3 0
github.com/fridrock/avito-shop/mocks/InfoHandler.go:26.86,28.3 1 0
github.com/fridrock/avito-shop/mocks/InfoHandler.go:29.2,29.77 1 0
github.com/fridrock/avito-shop/mocks/InfoHandler.go:29.77,31.3 1 0
github.com/fridrock/avito-shop/mocks/InfoHandler.go:31.8,33.3 1 0
github.com/fridrock/avito-shop/mocks/InfoHandler.go:35.2,35.79 1 0
github.com/fridrock/avito-shop/mocks/InfoHandler.go:35.79,37.3 1 0
github.com/fridrock/avito-shop/mocks/InfoHandler.go:37.8,39.3 1 0
github.com/fridrock/avito-shop/mocks/InfoHandler.go:41.2,41.15 1 0
github.com/fridrock/avito-shop/mocks/InfoHandler.go:49.17,53.19 3 0
github.com/fridrock/avito-shop/mocks/InfoHandler.go:53.19,53.49 1 0
github.com/fridrock/avito-shop/mocks/InfoHandler.go:55.2,55.13 1 0
github.com/fridrock/avito-shop/mocks/InfoStorage.go:18.81,21.19 2 0
github.com/fridrock/avito-shop/mocks/InfoStorage.go:21.19,22.57 1 0
github.com/fridrock/avito-shop/mocks/InfoStorage.go:25.2,27.74 3 0
github.com/fridrock/avito-shop/mocks/InfoStorage.go:27.74,29.3 1 0
github.com/fridrock/avito-shop/mocks/InfoStorage.go:30.2,30.65 1 0
github.com/fridrock/avito-shop/mocks/InfoStorage.go:30.65,32.3 1 0
github.com/fridrock/avito-shop/mocks/InfoStorage.go:32.8,34.3 1 0
github.com/fridrock/avito-shop/mocks/InfoStorage.go:36.2,36.54 1 0
github.com/fridrock/avito-shop/mocks/InfoStorage.go:36.54,38.3 1 0
github.com/fridrock/avito-shop/mocks/InfoStorage.go:38.8,40.3 1 0
github.com/fridrock/avito-shop/mocks/InfoStorage.go:42.2,42.15 1 0
github.com/fridrock/avito-shop/mocks/InfoStorage.go:50.17,54.19 3 0
github.com/fridrock/avito-shop/mocks/InfoStorage.go:54.19,54.49 1 0
github.com/fridrock/avito-shop/mocks/InfoStorage.go:56.2,56.13 1 0
github.com/fridrock/avito-shop/mocks/PasswordHasher.go:13.70,16.19 2 0
github.com/fridrock/avito-shop/mocks/PasswordHasher.go:16.19,17.55 1 0
github.com/fridrock/avito-shop/mocks/PasswordHasher.go:20.2,21.58 2 0
github.com/fridrock/avito-shop/mocks/PasswordHasher.go:21.58,23.3 1 0
github.com/fridrock/avito-shop/mocks/PasswordHasher.go:23.8,25.3 1 0
github.com/fridrock/avito-shop/mocks/PasswordHasher.go:27.2,27.11 1 0
github.com/fridrock/avito-shop/mocks/PasswordHasher.go:31.68,34.19 2 0
github.com/fridrock/avito-shop/mocks/PasswordHasher.go:34.19,35.54 1 0
github.com/fridrock/avito-shop/mocks/PasswordHasher.go:38.2,40.61 3 0
github.com/fridrock/avito-shop/mocks/PasswordHasher.go:40.61,42.3 1 0
github.com/fridrock/avito-shop/mocks/PasswordHasher.go:43.2,43.52 1 0
github.com/fridrock/avito-shop/mocks/PasswordHasher.go:43.52,45.3 1 0
github.com/fridrock/avito-shop/mocks/PasswordHasher.go:45.8,47.3 1 0
github.com/fridrock/avito-shop/mocks/PasswordHasher.go:49.2,49.51 1 0
github.com/fridrock/avito-shop/mocks/PasswordHasher.go:49.51,51.3 1 0
github.com/fridrock/avito-shop/mocks/PasswordHasher.go:51.8,53.3 1 0
github.com/fridrock/avito-shop/mocks/PasswordHasher.go:55.2,55.15 1 0
github.com/fridrock/avito-shop/mocks/PasswordHasher.go:63.20,67.19 3 0
github.com/fridrock/avito-shop/mocks/PasswordHasher.go:67.19,67.49 1 0
github.com/fridrock/avito-shop/mocks/PasswordHasher.go:69.2,69.13 1 0
github.com/fridrock/avito-shop/mocks/ProductStorage.go:18.73,21.19 2 0
github.com/fridrock/avito-shop/mocks/ProductStorage.go:21.19,22.45 1 0
github.com/fridrock/avito-shop/mocks/ProductStorage.go:25.2,26.71 2 0
github.com/fridrock/avito-shop/mocks/ProductStorage.go:26.71,28.3 1 0
github.com/fridrock/avito-shop/mocks/ProductStorage.go:28.8,30.3 1 0
github.com/fridrock/avito-shop/mocks/ProductStorage.go:32.2,32.11 1 0
github.com/fridrock/avito-shop/mocks/ProductStorage.go:36.82,39.19 2 0
github.com/fridrock/avito-shop/mocks/ProductStorage.go:39.19,40.59 1 0
github.com/fridrock/avito-shop/mocks/ProductStorage.go:43.2,45.70 3 0
github.com/fridrock/avito-shop/mocks/ProductStorage.go:45.70,47.3 1 0
github.com/fridrock/avito-shop/mocks/ProductStorage.go:48.2,48.61 1 0
github.com/fridrock/avito-shop/mocks/ProductStorage.go:48.61,50.3 1 0
github.com/fridrock/avito-shop/mocks/ProductStorage.go:50.8,52.3 1 0
github.com/fridrock/avito-shop/mocks/ProductStorage.go:54.2,54.51 1 0
github.com/fridrock/avito-shop/mocks/ProductStorage.go:54.51,56.3 1 0
github.com/fridrock/avito-shop/mocks/ProductStorage.go:56.8,58.3 1 0
github.com/fridrock/avito-shop/mocks/ProductStorage.go:60.2,60.15 1 0
github.com/fridrock/avito-shop/mocks/ProductStorage.go:68.20,72.19 3 0
github.com/fridrock/avito-shop/mocks/ProductStorage.go:72.19,72.49 1 0
github.com/fridrock/avito-shop/mocks/ProductStorage.go:74.2,74.13 1 0
github.com/fridrock/avito-shop/mocks/ScanFunction.go:17.66,20.19 2 0
github.com/fridrock/avito-shop/mocks/ScanFunction.go:20.19,21.49 1 0
github.com/fridrock/avito-shop/mocks/ScanFunction.go:24.2,25.58 2 0
github.com/fridrock/avito-shop/mocks/ScanFunction.go:25.58,27.3 1 0
github.com/fridrock/avito-shop/mocks/ScanFunction.go:27.8,29.3 1 0
github.com/fridrock/avito-shop/mocks/ScanFunction.go:31.2,31.11 1 0
github.com/fridrock/avito-shop/mocks/ScanFunction.go:39.21,43.19 3 0
github.com/fridrock/avito-shop/mocks/ScanFunction.go:43.19,43.49 1 0
github.com/fridrock/avito-shop/mocks/ScanFunction.go:45.2,45.13 1 0
github.com/fridrock/avito-shop/mocks/SendCoinHandler.go:17.90,20.19 2 0
github.com/fridrock/avito-shop/mocks/SendCoinHandler.go:20.19,21.50 1 0
github.com/fridrock/avito-shop/mocks/SendCoinHandler.go:24.2,26.86 3 0
github.com/fridrock/avito-shop/mocks/SendCoinHandler.go:26.86,28.3 1 0
github.com/fridrock/avito-shop/mocks/SendCoinHandler.go:29.2,29.77 1 0
github.com/fridrock/avito-shop/mocks/SendCoinHandler.go:29.77,31.3 1 0
github.com/fridrock/avito-shop/mocks/SendCoinHandler.go:31.8,33.3 1 0
github.com/fridrock/avito-shop/mocks/SendCoinHandler.go:35.2,35.79 1 0
github.com/fridrock/avito-shop/mocks/SendCoinHandler.go:35.79,37.3 1 0
github.com/fridrock/avito-shop/mocks/SendCoinHandler.go:37.8,39.3 1 0
github.com/fridrock/avito-shop/mocks/SendCoinHandler.go:41.2,41.15 1 0
github.com/fridrock/avito-shop/mocks/SendCoinHandler.go:49.21,53.19 3 0
github.com/fridrock/avito-shop/mocks/SendCoinHandler.go:53.19,53.49 1 0
github.com/fridrock/avito-shop/mocks/SendCoinHandler.go:55.2,55.13 1 0
github.com/fridrock/avito-shop/mocks/TokenService.go:19.101,22.19 2 0
github.com/fridrock/avito-shop/mocks/TokenService.go:22.19,23.55 1 0
github.com/fridrock/avito-shop/mocks/TokenService.go:26.2,28.91 3 0
github.com/fridrock/avito-shop/mocks/TokenService.go:28.91,30.3 1 0
github.com/fridrock/avito-shop/mocks/TokenService.go:31.2,31.82 1 0
github.com/fridrock/avito-shop/mocks/TokenService.go:31.82,33.3 1 0
github.com/fridrock/avito-shop/mocks/TokenService.go:33.8,35.3 1 0
github.com/fridrock/avito-shop/mocks/TokenService.go:37.2,37.71 1 0
github.com/fridrock/avito-shop/mocks/TokenService.go:37.71,39.3 1 0
github.com/fridrock/avito-shop/mocks/TokenService.go:39.8,41.3 1 0
github.com/fridrock/avito-shop/mocks/TokenService.go:43.2,43.15 1 0
github.com/fridrock/avito-shop/mocks/TokenService.go:47.73,50.19 2 1
github.com/fridrock/avito-shop/mocks/TokenService.go:50.19,51.55 1 0
github.com/fridrock/avito-shop/mocks/TokenService.go:54.2,56.67 3 1
github.com/fridrock/avito-shop/mocks/TokenService.go:56.67,58.3 1 0
github.com/fridrock/avito-shop/mocks/TokenService.go:59.2,59.58 1 1
github.com/fridrock/avito-shop/mocks/TokenService.go:59.58,61.3 1 0
github.com/fridrock/avito-shop/mocks/TokenService.go:61.8,63.3 1 1
github.com/fridrock/avito-shop/mocks/TokenService.go:65.2,65.51 1 1
github.com/fridrock/avito-shop/mocks/TokenService.go:65.51,67.3 1 0
github.com/fridrock/avito-shop/mocks/TokenService.go:67.8,69.3 1 1
github.com/fridrock/avito-shop/mocks/TokenService.go:71.2,71.15 1 1
github.com/fridrock/avito-shop/mocks/TokenService.go:79.18,83.19 3 1
github.com/fridrock/avito-shop/mocks/TokenService.go:83.19,83.49 1 1
github.com/fridrock/avito-shop/mocks/TokenService.go:85.2,85.13 1 1
github.com/fridrock/avito-shop/mocks/UserStorage.go:18.70,21.19 2 0
github.com/fridrock/avito-shop/mocks/UserStorage.go:21.19,22.58 1 0
github.com/fridrock/avito-shop/mocks/UserStorage.go:25.2,26.58 2 0
github.com/fridrock/avito-shop/mocks/UserStorage.go:26.58,28.3 1 0
github.com/fridrock/avito-shop/mocks/UserStorage.go:28.8,30.3 1 0
github.com/fridrock/avito-shop/mocks/UserStorage.go:32.2,32.11 1 0
github.com/fridrock/avito-shop/mocks/UserStorage.go:36.77,39.19 2 0
github.com/fridrock/avito-shop/mocks/UserStorage.go:39.19,40.60 1 0
github.com/fridrock/avito-shop/mocks/UserStorage.go:43.2,45.67 3 0
github.com/fridrock/avito-shop/mocks/UserStorage.go:45.67,47.3 1 0
github.com/fridrock/avito-shop/mocks/UserStorage.go:48.2,48.58 1 0
github.com/fridrock/avito-shop/mocks/UserStorage.go:48.58,50.3 1 0
github.com/fridrock/avito-shop/mocks/UserStorage.go:50.8,52.3 1 0
github.com/fridrock/avito-shop/mocks/UserStorage.go:54.2,54.51 1 0
github.com/fridrock/avito-shop/mocks/UserStorage.go:54.51,56.3 1 0
github.com/fridrock/avito-shop/mocks/UserStorage.go:56.8,58.3 1 0
github.com/fridrock/avito-shop/mocks/UserStorage.go:60.2,60.15 1 0
github.com/fridrock/avito-shop/mocks/UserStorage.go:64.73,67.19 2 0
github.com/fridrock/avito-shop/mocks/UserStorage.go:67.19,68.53 1 0
github.com/fridrock/avito-shop/mocks/UserStorage.go:71.2,73.70 3 0
github.com/fridrock/avito-shop/mocks/UserStorage.go:73.70,75.3 1 0
github.com/fridrock/avito-shop/mocks/UserStorage.go:76.2,76.61 1 0
github.com/fridrock/avito-shop/mocks/UserStorage.go:76.61,78.3 1 0
github.com/fridrock/avito-shop/mocks/UserStorage.go:78.8,80.3 1 0
github.com/fridrock/avito-shop/mocks/UserStorage.go:82.2,82.54 1 0
github.com/fridrock/avito-shop/mocks/UserStorage.go:82.54,84.3 1 0
github.com/fridrock/avito-shop/mocks/UserStorage.go:84.8,86.3 1 0
github.com/fridrock/avito-shop/mocks/UserStorage.go:88.2,88.15 1 0
github.com/fridrock/avito-shop/mocks/UserStorage.go:92.70,95.19 2 0
github.com/fridrock/avito-shop/mocks/UserStorage.go:95.19,96.50 1 0
github.com/fridrock/avito-shop/mocks/UserStorage.go:99.2,101.70 3 0
github.com/fridrock/avito-shop/mocks/UserStorage.go:101.70,103.3 1 0
github.com/fridrock/avito-shop/mocks/UserStorage.go:104.2,104.61 1 0
github.com/fridrock/avito-shop/mocks/UserStorage.go:104.61,106.3 1 0
github.com/fridrock/avito-shop/mocks/UserStorage.go:106.8,107.24 1 0
github.com/fridrock/avito-shop/mocks/UserStorage.go:107.24,109.4 1 0
github.com/fridrock/avito-shop/mocks/UserStorage.go:112.2,112.57 1 0
github.com/fridrock/avito-shop/mocks/UserStorage.go:112.57,114.3 1 0
github.com/fridrock/avito-shop/mocks/UserStorage.go:114.8,116.3 1 0
github.com/fridrock/avito-shop/mocks/UserStorage.go:118.2,118.15 1 0
github.com/fridrock/avito-shop/mocks/UserStorage.go:126.17,130.19 3 0
github.com/fridrock/avito-shop/mocks/UserStorage.go:130.19,130.49 1 0
github.com/fridrock/avito-shop/mocks/UserStorage.go:132.2,132.13 1 0
github.com/fridrock/avito-shop/utils/handleWithError.go:11.61,12.71 1 1
github.com/fridrock/avito-shop/utils/handleWithError.go:12.71,15.17 3 1
github.com/fridrock/avito-shop/utils/handleWithError.go:15.17,22.4 3 1
github.com/fridrock/avito-shop/utils/parser.go:12.47,15.16 3 1
github.com/fridrock/avito-shop/utils/parser.go:15.16,17.3 1 1
github.com/fridrock/avito-shop/utils/parser.go:18.2,19.17 2 1
github.com/fridrock/avito-shop/utils/passwordHasher.go:11.72,13.16 2 1
github.com/fridrock/avito-shop/utils/passwordHasher.go:13.16,15.3 1 0
github.com/fridrock/avito-shop/utils/passwordHasher.go:16.2,16.26 1 1
github.com/fridrock/avito-shop/utils/passwordHasher.go:18.68,21.2 2 1
github.com/fridrock/avito-shop/utils/passwordHasher.go:22.41,24.2 1 1
github.com/fridrock/avito-shop/utils/writeEncoded.go:8.65,10.16 2 1
github.com/fridrock/avito-shop/utils/writeEncoded.go:10.16,12.3 1 1
github.com/fridrock/avito-shop/utils/writeEncoded.go:13.2,14.27 2 1
github.com/fridrock/avito-shop/storage/coinsStorage.go:19.92,21.16 2 1
github.com/fridrock/avito-shop/storage/coinsStorage.go:21.16,23.3 1 0
github.com/fridrock/avito-shop/storage/coinsStorage.go:25.2,27.16 3 1
github.com/fridrock/avito-shop/storage/coinsStorage.go:27.16,29.3 1 0
github.com/fridrock/avito-shop/storage/coinsStorage.go:31.2,33.16 3 1
github.com/fridrock/avito-shop/storage/coinsStorage.go:33.16,35.3 1 0
github.com/fridrock/avito-shop/storage/coinsStorage.go:38.2,45.16 3 1
github.com/fridrock/avito-shop/storage/coinsStorage.go:45.16,47.25 2 0
github.com/fridrock/avito-shop/storage/coinsStorage.go:47.25,49.4 1 0
github.com/fridrock/avito-shop/storage/coinsStorage.go:51.2,51.20 1 1
github.com/fridrock/avito-shop/storage/coinsStorage.go:54.46,58.2 1 1
github.com/fridrock/avito-shop/storage/getInfoStorage.go:34.64,36.2 1 0
github.com/fridrock/avito-shop/storage/getInfoStorage.go:38.63,40.2 1 0
github.com/fridrock/avito-shop/storage/getInfoStorage.go:42.74,44.2 1 0
github.com/fridrock/avito-shop/storage/getInfoStorage.go:46.101,50.16 4 0
github.com/fridrock/avito-shop/storage/getInfoStorage.go:50.16,52.3 1 0
github.com/fridrock/avito-shop/storage/getInfoStorage.go:53.2,54.18 2 0
github.com/fridrock/avito-shop/storage/getInfoStorage.go:54.18,56.17 2 0
github.com/fridrock/avito-shop/storage/getInfoStorage.go:56.17,58.4 1 0
github.com/fridrock/avito-shop/storage/getInfoStorage.go:59.3,59.25 1 0
github.com/fridrock/avito-shop/storage/getInfoStorage.go:61.2,61.17 1 0
github.com/fridrock/avito-shop/storage/getInfoStorage.go:64.88,67.16 3 0
github.com/fridrock/avito-shop/storage/getInfoStorage.go:67.16,69.3 1 0
github.com/fridrock/avito-shop/storage/getInfoStorage.go:70.2,71.16 2 0
github.com/fridrock/avito-shop/storage/getInfoStorage.go:71.16,73.3 1 0
github.com/fridrock/avito-shop/storage/getInfoStorage.go:74.2,76.16 3 0
github.com/fridrock/avito-shop/storage/getInfoStorage.go:76.16,78.3 1 0
github.com/fridrock/avito-shop/storage/getInfoStorage.go:79.2,81.16 3 0
github.com/fridrock/avito-shop/storage/getInfoStorage.go:81.16,83.3 1 0
github.com/fridrock/avito-shop/storage/getInfoStorage.go:84.2,85.34 2 0
github.com/fridrock/avito-shop/storage/getInfoStorage.go:88.46,92.2 1 0
github.com/fridrock/avito-shop/storage/productStorage.go:25.76,27.16 2 1
github.com/fridrock/avito-shop/storage/productStorage.go:27.16,29.3 1 0
github.com/fridrock/avito-shop/storage/productStorage.go:30.2,39.19 6 1
github.com/fridrock/avito-shop/storage/productStorage.go:39.19,42.3 2 0
github.com/fridrock/avito-shop/storage/productStorage.go:43.2,43.20 1 1
github.com/fridrock/avito-shop/storage/productStorage.go:46.83,51.2 4 1
github.com/fridrock/avito-shop/storage/productStorage.go:53.52,57.2 1 1
github.com/fridrock/avito-shop/storage/userStorage.go:31.78,36.26 5 1
github.com/fridrock/avito-shop/storage/userStorage.go:36.26,38.3 1 1
github.com/fridrock/avito-shop/storage/userStorage.go:39.2,39.18 1 1
github.com/fridrock/avito-shop/storage/userStorage.go:41.67,50.2 4 1
github.com/fridrock/avito-shop/storage/userStorage.go:52.80,56.16 4 1
github.com/fridrock/avito-shop/storage/userStorage.go:56.16,59.3 2 1
github.com/fridrock/avito-shop/storage/userStorage.go:60.2,60.24 1 1
github.com/fridrock/avito-shop/storage/userStorage.go:63.72,68.2 4 1
github.com/fridrock/avito-shop/storage/userStorage.go:70.46,74.2 1 1
github.com/fridrock/avito-shop/testdbsetup/setupTestDb.go:21.43,39.16 6 1
github.com/fridrock/avito-shop/testdbsetup/setupTestDb.go:39.16,41.3 1 0
github.com/fridrock/avito-shop/testdbsetup/setupTestDb.go:42.2,42.32 1 1
github.com/fridrock/avito-shop/testdbsetup/setupTestDb.go:45.70,46.24 1 1
github.com/fridrock/avito-shop/testdbsetup/setupTestDb.go:46.24,48.3 1 1
github.com/fridrock/avito-shop/testdbsetup/setupTestDb.go:49.2,49.20 1 1
github.com/fridrock/avito-shop/testdbsetup/setupTestDb.go:52.51,55.16 3 1
github.com/fridrock/avito-shop/testdbsetup/setupTestDb.go:55.16,57.3 1 0
github.com/fridrock/avito-shop/testdbsetup/setupTestDb.go:58.2,59.16 2 1
github.com/fridrock/avito-shop/testdbsetup/setupTestDb.go:59.16,61.3 1 0
github.com/fridrock/avito-shop/testdbsetup/setupTestDb.go:62.2,64.19 3 1
github.com/fridrock/avito-shop/main.go:21.13,25.40 4 0
github.com/fridrock/avito-shop/main.go:25.40,27.3 1 0
github.com/fridrock/avito-shop/main.go:28.2,29.13 2 0
github.com/fridrock/avito-shop/main.go:29.13,31.3 1 0
github.com/fridrock/avito-shop/main.go:32.2,40.25 4 0
github.com/fridrock/avito-shop/main.go:43.45,60.2 16 1
github.com/fridrock/avito-shop/testRequests.go:13.103,17.16 4 1
github.com/fridrock/avito-shop/testRequests.go:17.16,19.3 1 0
github.com/fridrock/avito-shop/testRequests.go:21.2,21.38 1 1
github.com/fridrock/avito-shop/testRequests.go:21.38,23.17 2 1
github.com/fridrock/avito-shop/testRequests.go:23.17,25.4 1 0
github.com/fridrock/avito-shop/testRequests.go:26.3,27.17 2 1
github.com/fridrock/avito-shop/testRequests.go:27.17,29.4 1 0
github.com/fridrock/avito-shop/testRequests.go:30.3,30.59 1 1
github.com/fridrock/avito-shop/testRequests.go:32.2,33.16 2 1
github.com/fridrock/avito-shop/testRequests.go:33.16,35.3 1 0
github.com/fridrock/avito-shop/testRequests.go:36.2,38.58 2 1
github.com/fridrock/avito-shop/testRequests.go:41.103,44.16 3 1
github.com/fridrock/avito-shop/testRequests.go:44.16,46.3 1 0
github.com/fridrock/avito-shop/testRequests.go:47.2,49.38 3 1
github.com/fridrock/avito-shop/testRequests.go:49.38,51.17 2 1
github.com/fridrock/avito-shop/testRequests.go:51.17,53.4 1 0
github.com/fridrock/avito-shop/testRequests.go:54.3,55.17 2 1
github.com/fridrock/avito-shop/testRequests.go:55.17,57.4 1 0
github.com/fridrock/avito-shop/testRequests.go:59.2,59.44 1 1
github.com/fridrock/avito-shop/testRequests.go:62.102,65.16 3 1
github.com/fridrock/avito-shop/testRequests.go:65.16,67.3 1 0
github.com/fridrock/avito-shop/testRequests.go:68.2,70.38 3 1
github.com/fridrock/avito-shop/testRequests.go:70.38,72.17 2 1
github.com/fridrock/avito-shop/testRequests.go:72.17,74.4 1 0
github.com/fridrock/avito-shop/testRequests.go:75.3,76.17 2 1
github.com/fridrock/avito-shop/testRequests.go:76.17,78.4 1 0
github.com/fridrock/avito-shop/testRequests.go:80.2,80.44 1 1
github.com/fridrock/avito-shop/testRequests.go:83.107,87.16 4 1
github.com/fridrock/avito-shop/testRequests.go:87.16,89.3 1 0
github.com/fridrock/avito-shop/testRequests.go:90.2,92.16 3 1
github.com/fridrock/avito-shop/testRequests.go:92.16,94.3 1 0
github.com/fridrock/avito-shop/testRequests.go:96.2,96.38 1 1
github.com/fridrock/avito-shop/testRequests.go:96.38,98.17 2 0
github.com/fridrock/avito-shop/testRequests.go:98.17,100.4 1 0
github.com/fridrock/avito-shop/testRequests.go:101.3,102.17 2 0
github.com/fridrock/avito-shop/testRequests.go:102.17,104.4 1 0
github.com/fridrock/avito-shop/testRequests.go:105.3,105.59 1 0
github.com/fridrock/avito-shop/testRequests.go:107.2,108.16 2 1
github.com/fridrock/avito-shop/testRequests.go:108.16,110.3 1 0
github.com/fridrock/avito-shop/testRequests.go:111.2,112.58 2 1
github.com/fridrock/avito-shop/db/connect.go:14.34,17.16 3 0
github.com/fridrock/avito-shop/db/connect.go:17.16,19.3 1 0
github.com/fridrock/avito-shop/db/connect.go:20.2,22.11 3 0
github.com/fridrock/avito-shop/db/connect.go:25.38,29.2 3 0
github.com/fridrock/avito-shop/db/connect.go:31.77,32.40 1 0
github.com/fridrock/avito-shop/db/connect.go:32.40,34.3 1 0
github.com/fridrock/avito-shop/db/connect.go:35.2,39.35 1 0
github.com/fridrock/avito-shop/db/connect.go:42.50,44.13 2 0
github.com/fridrock/avito-shop/db/connect.go:44.13,46.3 1 0
github.com/fridrock/avito-shop/db/connect.go:47.2,47.15 1 0
github.com/fridrock/avito-shop/testdbsetup/setupTestDb.go:21.43,39.16 6 1
github.com/fridrock/avito-shop/testdbsetup/setupTestDb.go:39.16,41.3 1 0
github.com/fridrock/avito-shop/testdbsetup/setupTestDb.go:42.2,42.32 1 1
github.com/fridrock/avito-shop/testdbsetup/setupTestDb.go:45.70,46.24 1 1
github.com/fridrock/avito-shop/testdbsetup/setupTestDb.go:46.24,48.3 1 1
github.com/fridrock/avito-shop/testdbsetup/setupTestDb.go:49.2,49.20 1 1
github.com/fridrock/avito-shop/testdbsetup/setupTestDb.go:52.51,55.16 3 1
github.com/fridrock/avito-shop/testdbsetup/setupTestDb.go:55.16,57.3 1 0
github.com/fridrock/avito-shop/testdbsetup/setupTestDb.go:58.2,59.16 2 1
github.com/fridrock/avito-shop/testdbsetup/setupTestDb.go:59.16,61.3 1 0
github.com/fridrock/avito-shop/testdbsetup/setupTestDb.go:62.2,64.19 3 1
