mode: set
github.com/fridrock/avito-shop/db/connect.go:14.34,17.16 3 0
github.com/fridrock/avito-shop/db/connect.go:17.16,19.3 1 0
github.com/fridrock/avito-shop/db/connect.go:20.2,21.11 2 0
github.com/fridrock/avito-shop/db/connect.go:24.38,28.2 3 0
github.com/fridrock/avito-shop/db/connect.go:30.77,31.40 1 0
github.com/fridrock/avito-shop/db/connect.go:31.40,33.3 1 0
github.com/fridrock/avito-shop/db/connect.go:34.2,38.35 1 0
github.com/fridrock/avito-shop/db/connect.go:41.50,43.13 2 0
github.com/fridrock/avito-shop/db/connect.go:43.13,45.3 1 0
github.com/fridrock/avito-shop/db/connect.go:46.2,46.15 1 0
github.com/fridrock/avito-shop/main.go:16.13,43.2 20 0
github.com/fridrock/avito-shop/auth/handleWithAuth.go:19.53,21.2 1 0
github.com/fridrock/avito-shop/auth/handleWithAuth.go:30.60,34.2 1 0
github.com/fridrock/avito-shop/auth/handleWithAuth.go:36.83,40.22 3 0
github.com/fridrock/avito-shop/auth/handleWithAuth.go:40.22,42.3 1 0
github.com/fridrock/avito-shop/auth/handleWithAuth.go:45.2,46.62 2 0
github.com/fridrock/avito-shop/auth/handleWithAuth.go:46.62,48.3 1 0
github.com/fridrock/avito-shop/auth/handleWithAuth.go:50.2,51.16 2 0
github.com/fridrock/avito-shop/auth/handleWithAuth.go:51.16,53.3 1 0
github.com/fridrock/avito-shop/auth/handleWithAuth.go:54.2,54.18 1 0
github.com/fridrock/avito-shop/auth/handleWithAuth.go:57.91,58.67 1 0
github.com/fridrock/avito-shop/auth/handleWithAuth.go:58.67,60.17 2 0
github.com/fridrock/avito-shop/auth/handleWithAuth.go:60.17,63.4 2 0
github.com/fridrock/avito-shop/auth/handleWithAuth.go:64.3,65.34 2 0
github.com/fridrock/avito-shop/auth/tokenService.go:23.116,26.16 3 0
github.com/fridrock/avito-shop/auth/tokenService.go:26.16,28.3 1 0
github.com/fridrock/avito-shop/auth/tokenService.go:29.2,30.17 2 0
github.com/fridrock/avito-shop/auth/tokenService.go:33.100,40.2 2 0
github.com/fridrock/avito-shop/auth/tokenService.go:42.85,45.16 3 0
github.com/fridrock/avito-shop/auth/tokenService.go:45.16,47.3 1 0
github.com/fridrock/avito-shop/auth/tokenService.go:48.2,48.39 1 0
github.com/fridrock/avito-shop/auth/tokenService.go:48.39,50.3 1 0
github.com/fridrock/avito-shop/auth/tokenService.go:51.2,53.17 3 0
github.com/fridrock/avito-shop/auth/tokenService.go:62.81,65.16 3 0
github.com/fridrock/avito-shop/auth/tokenService.go:65.16,67.3 1 0
github.com/fridrock/avito-shop/auth/tokenService.go:68.2,68.55 1 0
github.com/fridrock/avito-shop/auth/tokenService.go:68.55,70.17 2 0
github.com/fridrock/avito-shop/auth/tokenService.go:70.17,72.4 1 0
github.com/fridrock/avito-shop/auth/tokenService.go:73.3,75.21 3 0
github.com/fridrock/avito-shop/auth/tokenService.go:75.21,77.4 1 0
github.com/fridrock/avito-shop/auth/tokenService.go:78.3,80.17 3 0
github.com/fridrock/avito-shop/auth/tokenService.go:80.17,82.4 1 0
github.com/fridrock/avito-shop/auth/tokenService.go:83.3,83.16 1 0
github.com/fridrock/avito-shop/auth/tokenService.go:85.2,85.17 1 0
github.com/fridrock/avito-shop/auth/tokenService.go:88.82,89.68 1 0
github.com/fridrock/avito-shop/auth/tokenService.go:89.68,90.58 1 0
github.com/fridrock/avito-shop/auth/tokenService.go:90.58,92.4 1 0
github.com/fridrock/avito-shop/auth/tokenService.go:93.3,93.28 1 0
github.com/fridrock/avito-shop/auth/tokenService.go:97.37,100.13 3 0
github.com/fridrock/avito-shop/auth/tokenService.go:100.13,102.3 1 0
github.com/fridrock/avito-shop/auth/tokenService.go:104.2,106.3 1 0
github.com/fridrock/avito-shop/storage/coinsStorage.go:19.96,21.16 2 0
github.com/fridrock/avito-shop/storage/coinsStorage.go:21.16,23.3 1 0
github.com/fridrock/avito-shop/storage/coinsStorage.go:25.2,27.16 3 0
github.com/fridrock/avito-shop/storage/coinsStorage.go:27.16,29.3 1 0
github.com/fridrock/avito-shop/storage/coinsStorage.go:31.2,33.16 3 0
github.com/fridrock/avito-shop/storage/coinsStorage.go:33.16,35.3 1 0
github.com/fridrock/avito-shop/storage/coinsStorage.go:37.2,44.16 3 0
github.com/fridrock/avito-shop/storage/coinsStorage.go:44.16,46.25 2 0
github.com/fridrock/avito-shop/storage/coinsStorage.go:46.25,48.4 1 0
github.com/fridrock/avito-shop/storage/coinsStorage.go:50.2,50.20 1 0
github.com/fridrock/avito-shop/storage/coinsStorage.go:53.46,57.2 1 0
github.com/fridrock/avito-shop/storage/getInfoStorage.go:34.64,36.2 1 0
github.com/fridrock/avito-shop/storage/getInfoStorage.go:38.63,40.2 1 0
github.com/fridrock/avito-shop/storage/getInfoStorage.go:42.74,44.2 1 0
github.com/fridrock/avito-shop/storage/getInfoStorage.go:46.101,50.16 4 0
github.com/fridrock/avito-shop/storage/getInfoStorage.go:50.16,52.3 1 0
github.com/fridrock/avito-shop/storage/getInfoStorage.go:53.2,54.18 2 0
github.com/fridrock/avito-shop/storage/getInfoStorage.go:54.18,56.17 2 0
github.com/fridrock/avito-shop/storage/getInfoStorage.go:56.17,58.4 1 0
github.com/fridrock/avito-shop/storage/getInfoStorage.go:59.3,59.25 1 0
github.com/fridrock/avito-shop/storage/getInfoStorage.go:61.2,61.17 1 0
github.com/fridrock/avito-shop/storage/getInfoStorage.go:64.88,67.16 3 0
github.com/fridrock/avito-shop/storage/getInfoStorage.go:67.16,69.3 1 0
github.com/fridrock/avito-shop/storage/getInfoStorage.go:70.2,71.16 2 0
github.com/fridrock/avito-shop/storage/getInfoStorage.go:71.16,73.3 1 0
github.com/fridrock/avito-shop/storage/getInfoStorage.go:74.2,76.16 3 0
github.com/fridrock/avito-shop/storage/getInfoStorage.go:76.16,78.3 1 0
github.com/fridrock/avito-shop/storage/getInfoStorage.go:79.2,81.16 3 0
github.com/fridrock/avito-shop/storage/getInfoStorage.go:81.16,83.3 1 0
github.com/fridrock/avito-shop/storage/getInfoStorage.go:84.2,85.34 2 0
github.com/fridrock/avito-shop/storage/getInfoStorage.go:88.46,92.2 1 0
github.com/fridrock/avito-shop/storage/productStorage.go:27.76,29.16 2 0
github.com/fridrock/avito-shop/storage/productStorage.go:29.16,31.3 1 0
github.com/fridrock/avito-shop/storage/productStorage.go:32.2,41.19 6 0
github.com/fridrock/avito-shop/storage/productStorage.go:41.19,44.3 2 0
github.com/fridrock/avito-shop/storage/productStorage.go:45.2,45.20 1 0
github.com/fridrock/avito-shop/storage/productStorage.go:48.83,52.26 4 0
github.com/fridrock/avito-shop/storage/productStorage.go:52.26,54.3 1 0
github.com/fridrock/avito-shop/storage/productStorage.go:55.2,55.21 1 0
github.com/fridrock/avito-shop/storage/productStorage.go:58.52,62.2 1 0
github.com/fridrock/avito-shop/storage/userStorage.go:29.78,34.26 5 0
github.com/fridrock/avito-shop/storage/userStorage.go:34.26,36.3 1 0
github.com/fridrock/avito-shop/storage/userStorage.go:37.2,37.18 1 0
github.com/fridrock/avito-shop/storage/userStorage.go:39.67,48.2 4 0
github.com/fridrock/avito-shop/storage/userStorage.go:50.80,54.16 4 0
github.com/fridrock/avito-shop/storage/userStorage.go:54.16,56.3 1 0
github.com/fridrock/avito-shop/storage/userStorage.go:57.2,57.24 1 0
github.com/fridrock/avito-shop/storage/userStorage.go:60.46,64.2 1 0
github.com/fridrock/avito-shop/mocks/AuthHandler.go:17.82,20.19 2 0
github.com/fridrock/avito-shop/mocks/AuthHandler.go:20.19,21.46 1 0
github.com/fridrock/avito-shop/mocks/AuthHandler.go:24.2,26.86 3 0
github.com/fridrock/avito-shop/mocks/AuthHandler.go:26.86,28.3 1 0
github.com/fridrock/avito-shop/mocks/AuthHandler.go:29.2,29.77 1 0
github.com/fridrock/avito-shop/mocks/AuthHandler.go:29.77,31.3 1 0
github.com/fridrock/avito-shop/mocks/AuthHandler.go:31.8,33.3 1 0
github.com/fridrock/avito-shop/mocks/AuthHandler.go:35.2,35.79 1 0
github.com/fridrock/avito-shop/mocks/AuthHandler.go:35.79,37.3 1 0
github.com/fridrock/avito-shop/mocks/AuthHandler.go:37.8,39.3 1 0
github.com/fridrock/avito-shop/mocks/AuthHandler.go:41.2,41.15 1 0
github.com/fridrock/avito-shop/mocks/AuthHandler.go:49.17,53.19 3 0
github.com/fridrock/avito-shop/mocks/AuthHandler.go:53.19,53.49 1 0
github.com/fridrock/avito-shop/mocks/AuthHandler.go:55.2,55.13 1 0
github.com/fridrock/avito-shop/mocks/AuthManager.go:16.88,19.19 2 0
github.com/fridrock/avito-shop/mocks/AuthManager.go:19.19,20.56 1 0
github.com/fridrock/avito-shop/mocks/AuthManager.go:23.2,24.84 2 0
github.com/fridrock/avito-shop/mocks/AuthManager.go:24.84,26.3 1 0
github.com/fridrock/avito-shop/mocks/AuthManager.go:26.8,27.24 1 0
github.com/fridrock/avito-shop/mocks/AuthManager.go:27.24,29.4 1 0
github.com/fridrock/avito-shop/mocks/AuthManager.go:32.2,32.11 1 0
github.com/fridrock/avito-shop/mocks/AuthManager.go:40.17,44.19 3 0
github.com/fridrock/avito-shop/mocks/AuthManager.go:44.19,44.49 1 0
github.com/fridrock/avito-shop/mocks/AuthManager.go:46.2,46.13 1 0
github.com/fridrock/avito-shop/mocks/BuyHandler.go:17.80,20.19 2 0
github.com/fridrock/avito-shop/mocks/BuyHandler.go:20.19,21.45 1 0
github.com/fridrock/avito-shop/mocks/BuyHandler.go:24.2,26.86 3 0
github.com/fridrock/avito-shop/mocks/BuyHandler.go:26.86,28.3 1 0
github.com/fridrock/avito-shop/mocks/BuyHandler.go:29.2,29.77 1 0
github.com/fridrock/avito-shop/mocks/BuyHandler.go:29.77,31.3 1 0
github.com/fridrock/avito-shop/mocks/BuyHandler.go:31.8,33.3 1 0
github.com/fridrock/avito-shop/mocks/BuyHandler.go:35.2,35.79 1 0
github.com/fridrock/avito-shop/mocks/BuyHandler.go:35.79,37.3 1 0
github.com/fridrock/avito-shop/mocks/BuyHandler.go:37.8,39.3 1 0
github.com/fridrock/avito-shop/mocks/BuyHandler.go:41.2,41.15 1 0
github.com/fridrock/avito-shop/mocks/BuyHandler.go:49.16,53.19 3 0
github.com/fridrock/avito-shop/mocks/BuyHandler.go:53.19,53.49 1 0
github.com/fridrock/avito-shop/mocks/BuyHandler.go:55.2,55.13 1 0
github.com/fridrock/avito-shop/mocks/CoinStorage.go:17.78,20.19 2 0
github.com/fridrock/avito-shop/mocks/CoinStorage.go:20.19,21.50 1 0
github.com/fridrock/avito-shop/mocks/CoinStorage.go:24.2,25.70 2 0
github.com/fridrock/avito-shop/mocks/CoinStorage.go:25.70,27.3 1 0
github.com/fridrock/avito-shop/mocks/CoinStorage.go:27.8,29.3 1 0
github.com/fridrock/avito-shop/mocks/CoinStorage.go:31.2,31.11 1 0
github.com/fridrock/avito-shop/mocks/CoinStorage.go:39.17,43.19 3 0
github.com/fridrock/avito-shop/mocks/CoinStorage.go:43.19,43.49 1 0
github.com/fridrock/avito-shop/mocks/CoinStorage.go:45.2,45.13 1 0
github.com/fridrock/avito-shop/mocks/HandlerWithError.go:17.90,20.19 2 0
github.com/fridrock/avito-shop/mocks/HandlerWithError.go:20.19,21.49 1 0
github.com/fridrock/avito-shop/mocks/HandlerWithError.go:24.2,26.86 3 0
github.com/fridrock/avito-shop/mocks/HandlerWithError.go:26.86,28.3 1 0
github.com/fridrock/avito-shop/mocks/HandlerWithError.go:29.2,29.77 1 0
github.com/fridrock/avito-shop/mocks/HandlerWithError.go:29.77,31.3 1 0
github.com/fridrock/avito-shop/mocks/HandlerWithError.go:31.8,33.3 1 0
github.com/fridrock/avito-shop/mocks/HandlerWithError.go:35.2,35.79 1 0
github.com/fridrock/avito-shop/mocks/HandlerWithError.go:35.79,37.3 1 0
github.com/fridrock/avito-shop/mocks/HandlerWithError.go:37.8,39.3 1 0
github.com/fridrock/avito-shop/mocks/HandlerWithError.go:41.2,41.15 1 0
github.com/fridrock/avito-shop/mocks/HandlerWithError.go:49.22,53.19 3 0
github.com/fridrock/avito-shop/mocks/HandlerWithError.go:53.19,53.49 1 0
github.com/fridrock/avito-shop/mocks/HandlerWithError.go:55.2,55.13 1 0
github.com/fridrock/avito-shop/mocks/InfoHandler.go:17.85,20.19 2 0
github.com/fridrock/avito-shop/mocks/InfoHandler.go:20.19,21.49 1 0
github.com/fridrock/avito-shop/mocks/InfoHandler.go:24.2,26.86 3 0
github.com/fridrock/avito-shop/mocks/InfoHandler.go:26.86,28.3 1 0
github.com/fridrock/avito-shop/mocks/InfoHandler.go:29.2,29.77 1 0
github.com/fridrock/avito-shop/mocks/InfoHandler.go:29.77,31.3 1 0
github.com/fridrock/avito-shop/mocks/InfoHandler.go:31.8,33.3 1 0
github.com/fridrock/avito-shop/mocks/InfoHandler.go:35.2,35.79 1 0
github.com/fridrock/avito-shop/mocks/InfoHandler.go:35.79,37.3 1 0
github.com/fridrock/avito-shop/mocks/InfoHandler.go:37.8,39.3 1 0
github.com/fridrock/avito-shop/mocks/InfoHandler.go:41.2,41.15 1 0
github.com/fridrock/avito-shop/mocks/InfoHandler.go:49.17,53.19 3 0
github.com/fridrock/avito-shop/mocks/InfoHandler.go:53.19,53.49 1 0
github.com/fridrock/avito-shop/mocks/InfoHandler.go:55.2,55.13 1 0
github.com/fridrock/avito-shop/mocks/InfoStorage.go:18.81,21.19 2 0
github.com/fridrock/avito-shop/mocks/InfoStorage.go:21.19,22.57 1 0
github.com/fridrock/avito-shop/mocks/InfoStorage.go:25.2,27.74 3 0
github.com/fridrock/avito-shop/mocks/InfoStorage.go:27.74,29.3 1 0
github.com/fridrock/avito-shop/mocks/InfoStorage.go:30.2,30.65 1 0
github.com/fridrock/avito-shop/mocks/InfoStorage.go:30.65,32.3 1 0
github.com/fridrock/avito-shop/mocks/InfoStorage.go:32.8,34.3 1 0
github.com/fridrock/avito-shop/mocks/InfoStorage.go:36.2,36.54 1 0
github.com/fridrock/avito-shop/mocks/InfoStorage.go:36.54,38.3 1 0
github.com/fridrock/avito-shop/mocks/InfoStorage.go:38.8,40.3 1 0
github.com/fridrock/avito-shop/mocks/InfoStorage.go:42.2,42.15 1 0
github.com/fridrock/avito-shop/mocks/InfoStorage.go:50.17,54.19 3 0
github.com/fridrock/avito-shop/mocks/InfoStorage.go:54.19,54.49 1 0
github.com/fridrock/avito-shop/mocks/InfoStorage.go:56.2,56.13 1 0
github.com/fridrock/avito-shop/mocks/PasswordHasher.go:13.70,16.19 2 0
github.com/fridrock/avito-shop/mocks/PasswordHasher.go:16.19,17.55 1 0
github.com/fridrock/avito-shop/mocks/PasswordHasher.go:20.2,21.58 2 0
github.com/fridrock/avito-shop/mocks/PasswordHasher.go:21.58,23.3 1 0
github.com/fridrock/avito-shop/mocks/PasswordHasher.go:23.8,25.3 1 0
github.com/fridrock/avito-shop/mocks/PasswordHasher.go:27.2,27.11 1 0
github.com/fridrock/avito-shop/mocks/PasswordHasher.go:31.68,34.19 2 0
github.com/fridrock/avito-shop/mocks/PasswordHasher.go:34.19,35.54 1 0
github.com/fridrock/avito-shop/mocks/PasswordHasher.go:38.2,40.61 3 0
github.com/fridrock/avito-shop/mocks/PasswordHasher.go:40.61,42.3 1 0
github.com/fridrock/avito-shop/mocks/PasswordHasher.go:43.2,43.52 1 0
github.com/fridrock/avito-shop/mocks/PasswordHasher.go:43.52,45.3 1 0
github.com/fridrock/avito-shop/mocks/PasswordHasher.go:45.8,47.3 1 0
github.com/fridrock/avito-shop/mocks/PasswordHasher.go:49.2,49.51 1 0
github.com/fridrock/avito-shop/mocks/PasswordHasher.go:49.51,51.3 1 0
github.com/fridrock/avito-shop/mocks/PasswordHasher.go:51.8,53.3 1 0
github.com/fridrock/avito-shop/mocks/PasswordHasher.go:55.2,55.15 1 0
github.com/fridrock/avito-shop/mocks/PasswordHasher.go:63.20,67.19 3 0
github.com/fridrock/avito-shop/mocks/PasswordHasher.go:67.19,67.49 1 0
github.com/fridrock/avito-shop/mocks/PasswordHasher.go:69.2,69.13 1 0
github.com/fridrock/avito-shop/mocks/ProductStorage.go:18.73,21.19 2 0
github.com/fridrock/avito-shop/mocks/ProductStorage.go:21.19,22.45 1 0
github.com/fridrock/avito-shop/mocks/ProductStorage.go:25.2,26.71 2 0
github.com/fridrock/avito-shop/mocks/ProductStorage.go:26.71,28.3 1 0
github.com/fridrock/avito-shop/mocks/ProductStorage.go:28.8,30.3 1 0
github.com/fridrock/avito-shop/mocks/ProductStorage.go:32.2,32.11 1 0
github.com/fridrock/avito-shop/mocks/ProductStorage.go:36.82,39.19 2 0
github.com/fridrock/avito-shop/mocks/ProductStorage.go:39.19,40.59 1 0
github.com/fridrock/avito-shop/mocks/ProductStorage.go:43.2,45.70 3 0
github.com/fridrock/avito-shop/mocks/ProductStorage.go:45.70,47.3 1 0
github.com/fridrock/avito-shop/mocks/ProductStorage.go:48.2,48.61 1 0
github.com/fridrock/avito-shop/mocks/ProductStorage.go:48.61,50.3 1 0
github.com/fridrock/avito-shop/mocks/ProductStorage.go:50.8,52.3 1 0
github.com/fridrock/avito-shop/mocks/ProductStorage.go:54.2,54.51 1 0
github.com/fridrock/avito-shop/mocks/ProductStorage.go:54.51,56.3 1 0
github.com/fridrock/avito-shop/mocks/ProductStorage.go:56.8,58.3 1 0
github.com/fridrock/avito-shop/mocks/ProductStorage.go:60.2,60.15 1 0
github.com/fridrock/avito-shop/mocks/ProductStorage.go:68.20,72.19 3 0
github.com/fridrock/avito-shop/mocks/ProductStorage.go:72.19,72.49 1 0
github.com/fridrock/avito-shop/mocks/ProductStorage.go:74.2,74.13 1 0
github.com/fridrock/avito-shop/mocks/ScanFunction.go:17.66,20.19 2 0
github.com/fridrock/avito-shop/mocks/ScanFunction.go:20.19,21.49 1 0
github.com/fridrock/avito-shop/mocks/ScanFunction.go:24.2,25.58 2 0
github.com/fridrock/avito-shop/mocks/ScanFunction.go:25.58,27.3 1 0
github.com/fridrock/avito-shop/mocks/ScanFunction.go:27.8,29.3 1 0
github.com/fridrock/avito-shop/mocks/ScanFunction.go:31.2,31.11 1 0
github.com/fridrock/avito-shop/mocks/ScanFunction.go:39.21,43.19 3 0
github.com/fridrock/avito-shop/mocks/ScanFunction.go:43.19,43.49 1 0
github.com/fridrock/avito-shop/mocks/ScanFunction.go:45.2,45.13 1 0
github.com/fridrock/avito-shop/mocks/SendCoinHandler.go:17.90,20.19 2 0
github.com/fridrock/avito-shop/mocks/SendCoinHandler.go:20.19,21.50 1 0
github.com/fridrock/avito-shop/mocks/SendCoinHandler.go:24.2,26.86 3 0
github.com/fridrock/avito-shop/mocks/SendCoinHandler.go:26.86,28.3 1 0
github.com/fridrock/avito-shop/mocks/SendCoinHandler.go:29.2,29.77 1 0
github.com/fridrock/avito-shop/mocks/SendCoinHandler.go:29.77,31.3 1 0
github.com/fridrock/avito-shop/mocks/SendCoinHandler.go:31.8,33.3 1 0
github.com/fridrock/avito-shop/mocks/SendCoinHandler.go:35.2,35.79 1 0
github.com/fridrock/avito-shop/mocks/SendCoinHandler.go:35.79,37.3 1 0
github.com/fridrock/avito-shop/mocks/SendCoinHandler.go:37.8,39.3 1 0
github.com/fridrock/avito-shop/mocks/SendCoinHandler.go:41.2,41.15 1 0
github.com/fridrock/avito-shop/mocks/SendCoinHandler.go:49.21,53.19 3 0
github.com/fridrock/avito-shop/mocks/SendCoinHandler.go:53.19,53.49 1 0
github.com/fridrock/avito-shop/mocks/SendCoinHandler.go:55.2,55.13 1 0
github.com/fridrock/avito-shop/mocks/TokenService.go:19.101,22.19 2 0
github.com/fridrock/avito-shop/mocks/TokenService.go:22.19,23.55 1 0
github.com/fridrock/avito-shop/mocks/TokenService.go:26.2,28.91 3 0
github.com/fridrock/avito-shop/mocks/TokenService.go:28.91,30.3 1 0
github.com/fridrock/avito-shop/mocks/TokenService.go:31.2,31.82 1 0
github.com/fridrock/avito-shop/mocks/TokenService.go:31.82,33.3 1 0
github.com/fridrock/avito-shop/mocks/TokenService.go:33.8,35.3 1 0
github.com/fridrock/avito-shop/mocks/TokenService.go:37.2,37.71 1 0
github.com/fridrock/avito-shop/mocks/TokenService.go:37.71,39.3 1 0
github.com/fridrock/avito-shop/mocks/TokenService.go:39.8,41.3 1 0
github.com/fridrock/avito-shop/mocks/TokenService.go:43.2,43.15 1 0
github.com/fridrock/avito-shop/mocks/TokenService.go:47.73,50.19 2 0
github.com/fridrock/avito-shop/mocks/TokenService.go:50.19,51.55 1 0
github.com/fridrock/avito-shop/mocks/TokenService.go:54.2,56.67 3 0
github.com/fridrock/avito-shop/mocks/TokenService.go:56.67,58.3 1 0
github.com/fridrock/avito-shop/mocks/TokenService.go:59.2,59.58 1 0
github.com/fridrock/avito-shop/mocks/TokenService.go:59.58,61.3 1 0
github.com/fridrock/avito-shop/mocks/TokenService.go:61.8,63.3 1 0
github.com/fridrock/avito-shop/mocks/TokenService.go:65.2,65.51 1 0
github.com/fridrock/avito-shop/mocks/TokenService.go:65.51,67.3 1 0
github.com/fridrock/avito-shop/mocks/TokenService.go:67.8,69.3 1 0
github.com/fridrock/avito-shop/mocks/TokenService.go:71.2,71.15 1 0
github.com/fridrock/avito-shop/mocks/TokenService.go:79.18,83.19 3 0
github.com/fridrock/avito-shop/mocks/TokenService.go:83.19,83.49 1 0
github.com/fridrock/avito-shop/mocks/TokenService.go:85.2,85.13 1 0
github.com/fridrock/avito-shop/mocks/UserStorage.go:18.70,21.19 2 0
github.com/fridrock/avito-shop/mocks/UserStorage.go:21.19,22.58 1 0
github.com/fridrock/avito-shop/mocks/UserStorage.go:25.2,26.58 2 0
github.com/fridrock/avito-shop/mocks/UserStorage.go:26.58,28.3 1 0
github.com/fridrock/avito-shop/mocks/UserStorage.go:28.8,30.3 1 0
github.com/fridrock/avito-shop/mocks/UserStorage.go:32.2,32.11 1 0
github.com/fridrock/avito-shop/mocks/UserStorage.go:36.77,39.19 2 0
github.com/fridrock/avito-shop/mocks/UserStorage.go:39.19,40.60 1 0
github.com/fridrock/avito-shop/mocks/UserStorage.go:43.2,45.67 3 0
github.com/fridrock/avito-shop/mocks/UserStorage.go:45.67,47.3 1 0
github.com/fridrock/avito-shop/mocks/UserStorage.go:48.2,48.58 1 0
github.com/fridrock/avito-shop/mocks/UserStorage.go:48.58,50.3 1 0
github.com/fridrock/avito-shop/mocks/UserStorage.go:50.8,52.3 1 0
github.com/fridrock/avito-shop/mocks/UserStorage.go:54.2,54.51 1 0
github.com/fridrock/avito-shop/mocks/UserStorage.go:54.51,56.3 1 0
github.com/fridrock/avito-shop/mocks/UserStorage.go:56.8,58.3 1 0
github.com/fridrock/avito-shop/mocks/UserStorage.go:60.2,60.15 1 0
github.com/fridrock/avito-shop/mocks/UserStorage.go:64.70,67.19 2 0
github.com/fridrock/avito-shop/mocks/UserStorage.go:67.19,68.50 1 0
github.com/fridrock/avito-shop/mocks/UserStorage.go:71.2,73.70 3 0
github.com/fridrock/avito-shop/mocks/UserStorage.go:73.70,75.3 1 0
github.com/fridrock/avito-shop/mocks/UserStorage.go:76.2,76.61 1 0
github.com/fridrock/avito-shop/mocks/UserStorage.go:76.61,78.3 1 0
github.com/fridrock/avito-shop/mocks/UserStorage.go:78.8,79.24 1 0
github.com/fridrock/avito-shop/mocks/UserStorage.go:79.24,81.4 1 0
github.com/fridrock/avito-shop/mocks/UserStorage.go:84.2,84.57 1 0
github.com/fridrock/avito-shop/mocks/UserStorage.go:84.57,86.3 1 0
github.com/fridrock/avito-shop/mocks/UserStorage.go:86.8,88.3 1 0
github.com/fridrock/avito-shop/mocks/UserStorage.go:90.2,90.15 1 0
github.com/fridrock/avito-shop/mocks/UserStorage.go:98.17,102.19 3 0
github.com/fridrock/avito-shop/mocks/UserStorage.go:102.19,102.49 1 0
github.com/fridrock/avito-shop/mocks/UserStorage.go:104.2,104.13 1 0
github.com/fridrock/avito-shop/auth/handleWithAuth.go:19.53,21.2 1 1
github.com/fridrock/avito-shop/auth/handleWithAuth.go:30.60,34.2 1 0
github.com/fridrock/avito-shop/auth/handleWithAuth.go:36.83,40.22 3 0
github.com/fridrock/avito-shop/auth/handleWithAuth.go:40.22,42.3 1 0
github.com/fridrock/avito-shop/auth/handleWithAuth.go:45.2,46.62 2 0
github.com/fridrock/avito-shop/auth/handleWithAuth.go:46.62,48.3 1 0
github.com/fridrock/avito-shop/auth/handleWithAuth.go:50.2,51.16 2 0
github.com/fridrock/avito-shop/auth/handleWithAuth.go:51.16,53.3 1 0
github.com/fridrock/avito-shop/auth/handleWithAuth.go:54.2,54.18 1 0
github.com/fridrock/avito-shop/auth/handleWithAuth.go:57.91,58.67 1 0
github.com/fridrock/avito-shop/auth/handleWithAuth.go:58.67,60.17 2 0
github.com/fridrock/avito-shop/auth/handleWithAuth.go:60.17,63.4 2 0
github.com/fridrock/avito-shop/auth/handleWithAuth.go:64.3,65.34 2 0
github.com/fridrock/avito-shop/auth/tokenService.go:23.116,26.16 3 0
github.com/fridrock/avito-shop/auth/tokenService.go:26.16,28.3 1 0
github.com/fridrock/avito-shop/auth/tokenService.go:29.2,30.17 2 0
github.com/fridrock/avito-shop/auth/tokenService.go:33.100,40.2 2 0
github.com/fridrock/avito-shop/auth/tokenService.go:42.85,45.16 3 0
github.com/fridrock/avito-shop/auth/tokenService.go:45.16,47.3 1 0
github.com/fridrock/avito-shop/auth/tokenService.go:48.2,48.39 1 0
github.com/fridrock/avito-shop/auth/tokenService.go:48.39,50.3 1 0
github.com/fridrock/avito-shop/auth/tokenService.go:51.2,53.17 3 0
github.com/fridrock/avito-shop/auth/tokenService.go:62.81,65.16 3 0
github.com/fridrock/avito-shop/auth/tokenService.go:65.16,67.3 1 0
github.com/fridrock/avito-shop/auth/tokenService.go:68.2,68.55 1 0
github.com/fridrock/avito-shop/auth/tokenService.go:68.55,70.17 2 0
github.com/fridrock/avito-shop/auth/tokenService.go:70.17,72.4 1 0
github.com/fridrock/avito-shop/auth/tokenService.go:73.3,75.21 3 0
github.com/fridrock/avito-shop/auth/tokenService.go:75.21,77.4 1 0
github.com/fridrock/avito-shop/auth/tokenService.go:78.3,80.17 3 0
github.com/fridrock/avito-shop/auth/tokenService.go:80.17,82.4 1 0
github.com/fridrock/avito-shop/auth/tokenService.go:83.3,83.16 1 0
github.com/fridrock/avito-shop/auth/tokenService.go:85.2,85.17 1 0
github.com/fridrock/avito-shop/auth/tokenService.go:88.82,89.68 1 0
github.com/fridrock/avito-shop/auth/tokenService.go:89.68,90.58 1 0
github.com/fridrock/avito-shop/auth/tokenService.go:90.58,92.4 1 0
github.com/fridrock/avito-shop/auth/tokenService.go:93.3,93.28 1 0
github.com/fridrock/avito-shop/auth/tokenService.go:97.37,100.13 3 0
github.com/fridrock/avito-shop/auth/tokenService.go:100.13,102.3 1 0
github.com/fridrock/avito-shop/auth/tokenService.go:104.2,106.3 1 0
github.com/fridrock/avito-shop/handlers/authHandler.go:26.86,28.16 2 0
github.com/fridrock/avito-shop/handlers/authHandler.go:28.16,30.3 1 0
github.com/fridrock/avito-shop/handlers/authHandler.go:31.2,33.16 2 0
github.com/fridrock/avito-shop/handlers/authHandler.go:33.16,34.81 1 0
github.com/fridrock/avito-shop/handlers/authHandler.go:34.81,36.4 1 0
github.com/fridrock/avito-shop/handlers/authHandler.go:36.9,38.4 1 0
github.com/fridrock/avito-shop/handlers/authHandler.go:39.8,40.36 1 0
github.com/fridrock/avito-shop/handlers/authHandler.go:40.36,42.18 2 0
github.com/fridrock/avito-shop/handlers/authHandler.go:42.18,44.5 1 0
github.com/fridrock/avito-shop/handlers/authHandler.go:45.4,50.18 3 0
github.com/fridrock/avito-shop/handlers/authHandler.go:50.18,52.5 1 0
github.com/fridrock/avito-shop/handlers/authHandler.go:53.4,53.48 1 0
github.com/fridrock/avito-shop/handlers/authHandler.go:55.3,55.45 1 0
github.com/fridrock/avito-shop/handlers/authHandler.go:59.121,61.16 2 0
github.com/fridrock/avito-shop/handlers/authHandler.go:61.16,63.3 1 0
github.com/fridrock/avito-shop/handlers/authHandler.go:64.2,64.44 1 0
github.com/fridrock/avito-shop/handlers/authHandler.go:66.89,72.2 1 0
github.com/fridrock/avito-shop/handlers/buyHandler.go:21.84,25.20 3 1
github.com/fridrock/avito-shop/handlers/buyHandler.go:25.20,27.3 1 1
github.com/fridrock/avito-shop/handlers/buyHandler.go:29.2,30.16 2 1
github.com/fridrock/avito-shop/handlers/buyHandler.go:30.16,32.3 1 1
github.com/fridrock/avito-shop/handlers/buyHandler.go:34.2,35.21 2 1
github.com/fridrock/avito-shop/handlers/buyHandler.go:35.21,37.3 1 1
github.com/fridrock/avito-shop/handlers/buyHandler.go:38.2,39.16 2 1
github.com/fridrock/avito-shop/handlers/buyHandler.go:39.16,41.3 1 1
github.com/fridrock/avito-shop/handlers/buyHandler.go:42.2,42.27 1 1
github.com/fridrock/avito-shop/handlers/buyHandler.go:45.82,50.2 1 1
github.com/fridrock/avito-shop/handlers/getInfoHandler.go:19.89,22.16 3 0
github.com/fridrock/avito-shop/handlers/getInfoHandler.go:22.16,24.3 1 0
github.com/fridrock/avito-shop/handlers/getInfoHandler.go:25.2,25.35 1 0
github.com/fridrock/avito-shop/handlers/getInfoHandler.go:28.57,32.2 1 0
github.com/fridrock/avito-shop/handlers/sendCoinHandler.go:23.94,25.16 2 0
github.com/fridrock/avito-shop/handlers/sendCoinHandler.go:25.16,27.3 1 0
github.com/fridrock/avito-shop/handlers/sendCoinHandler.go:29.2,34.21 5 0
github.com/fridrock/avito-shop/handlers/sendCoinHandler.go:34.21,36.3 1 0
github.com/fridrock/avito-shop/handlers/sendCoinHandler.go:37.2,37.46 1 0
github.com/fridrock/avito-shop/handlers/sendCoinHandler.go:37.46,39.3 1 0
github.com/fridrock/avito-shop/handlers/sendCoinHandler.go:40.2,40.21 1 0
github.com/fridrock/avito-shop/handlers/sendCoinHandler.go:40.21,42.3 1 0
github.com/fridrock/avito-shop/handlers/sendCoinHandler.go:44.2,45.16 2 0
github.com/fridrock/avito-shop/handlers/sendCoinHandler.go:45.16,47.3 1 0
github.com/fridrock/avito-shop/handlers/sendCoinHandler.go:48.2,48.27 1 0
github.com/fridrock/avito-shop/handlers/sendCoinHandler.go:51.89,56.2 1 0
github.com/fridrock/avito-shop/mocks/AuthHandler.go:17.82,20.19 2 0
github.com/fridrock/avito-shop/mocks/AuthHandler.go:20.19,21.46 1 0
github.com/fridrock/avito-shop/mocks/AuthHandler.go:24.2,26.86 3 0
github.com/fridrock/avito-shop/mocks/AuthHandler.go:26.86,28.3 1 0
github.com/fridrock/avito-shop/mocks/AuthHandler.go:29.2,29.77 1 0
github.com/fridrock/avito-shop/mocks/AuthHandler.go:29.77,31.3 1 0
github.com/fridrock/avito-shop/mocks/AuthHandler.go:31.8,33.3 1 0
github.com/fridrock/avito-shop/mocks/AuthHandler.go:35.2,35.79 1 0
github.com/fridrock/avito-shop/mocks/AuthHandler.go:35.79,37.3 1 0
github.com/fridrock/avito-shop/mocks/AuthHandler.go:37.8,39.3 1 0
github.com/fridrock/avito-shop/mocks/AuthHandler.go:41.2,41.15 1 0
github.com/fridrock/avito-shop/mocks/AuthHandler.go:49.17,53.19 3 0
github.com/fridrock/avito-shop/mocks/AuthHandler.go:53.19,53.49 1 0
github.com/fridrock/avito-shop/mocks/AuthHandler.go:55.2,55.13 1 0
github.com/fridrock/avito-shop/mocks/AuthManager.go:16.88,19.19 2 0
github.com/fridrock/avito-shop/mocks/AuthManager.go:19.19,20.56 1 0
github.com/fridrock/avito-shop/mocks/AuthManager.go:23.2,24.84 2 0
github.com/fridrock/avito-shop/mocks/AuthManager.go:24.84,26.3 1 0
github.com/fridrock/avito-shop/mocks/AuthManager.go:26.8,27.24 1 0
github.com/fridrock/avito-shop/mocks/AuthManager.go:27.24,29.4 1 0
github.com/fridrock/avito-shop/mocks/AuthManager.go:32.2,32.11 1 0
github.com/fridrock/avito-shop/mocks/AuthManager.go:40.17,44.19 3 0
github.com/fridrock/avito-shop/mocks/AuthManager.go:44.19,44.49 1 0
github.com/fridrock/avito-shop/mocks/AuthManager.go:46.2,46.13 1 0
github.com/fridrock/avito-shop/mocks/BuyHandler.go:17.80,20.19 2 0
github.com/fridrock/avito-shop/mocks/BuyHandler.go:20.19,21.45 1 0
github.com/fridrock/avito-shop/mocks/BuyHandler.go:24.2,26.86 3 0
github.com/fridrock/avito-shop/mocks/BuyHandler.go:26.86,28.3 1 0
github.com/fridrock/avito-shop/mocks/BuyHandler.go:29.2,29.77 1 0
github.com/fridrock/avito-shop/mocks/BuyHandler.go:29.77,31.3 1 0
github.com/fridrock/avito-shop/mocks/BuyHandler.go:31.8,33.3 1 0
github.com/fridrock/avito-shop/mocks/BuyHandler.go:35.2,35.79 1 0
github.com/fridrock/avito-shop/mocks/BuyHandler.go:35.79,37.3 1 0
github.com/fridrock/avito-shop/mocks/BuyHandler.go:37.8,39.3 1 0
github.com/fridrock/avito-shop/mocks/BuyHandler.go:41.2,41.15 1 0
github.com/fridrock/avito-shop/mocks/BuyHandler.go:49.16,53.19 3 0
github.com/fridrock/avito-shop/mocks/BuyHandler.go:53.19,53.49 1 0
github.com/fridrock/avito-shop/mocks/BuyHandler.go:55.2,55.13 1 0
github.com/fridrock/avito-shop/mocks/CoinStorage.go:17.78,20.19 2 0
github.com/fridrock/avito-shop/mocks/CoinStorage.go:20.19,21.50 1 0
github.com/fridrock/avito-shop/mocks/CoinStorage.go:24.2,25.70 2 0
github.com/fridrock/avito-shop/mocks/CoinStorage.go:25.70,27.3 1 0
github.com/fridrock/avito-shop/mocks/CoinStorage.go:27.8,29.3 1 0
github.com/fridrock/avito-shop/mocks/CoinStorage.go:31.2,31.11 1 0
github.com/fridrock/avito-shop/mocks/CoinStorage.go:39.17,43.19 3 0
github.com/fridrock/avito-shop/mocks/CoinStorage.go:43.19,43.49 1 0
github.com/fridrock/avito-shop/mocks/CoinStorage.go:45.2,45.13 1 0
github.com/fridrock/avito-shop/mocks/HandlerWithError.go:17.90,20.19 2 0
github.com/fridrock/avito-shop/mocks/HandlerWithError.go:20.19,21.49 1 0
github.com/fridrock/avito-shop/mocks/HandlerWithError.go:24.2,26.86 3 0
github.com/fridrock/avito-shop/mocks/HandlerWithError.go:26.86,28.3 1 0
github.com/fridrock/avito-shop/mocks/HandlerWithError.go:29.2,29.77 1 0
github.com/fridrock/avito-shop/mocks/HandlerWithError.go:29.77,31.3 1 0
github.com/fridrock/avito-shop/mocks/HandlerWithError.go:31.8,33.3 1 0
github.com/fridrock/avito-shop/mocks/HandlerWithError.go:35.2,35.79 1 0
github.com/fridrock/avito-shop/mocks/HandlerWithError.go:35.79,37.3 1 0
github.com/fridrock/avito-shop/mocks/HandlerWithError.go:37.8,39.3 1 0
github.com/fridrock/avito-shop/mocks/HandlerWithError.go:41.2,41.15 1 0
github.com/fridrock/avito-shop/mocks/HandlerWithError.go:49.22,53.19 3 0
github.com/fridrock/avito-shop/mocks/HandlerWithError.go:53.19,53.49 1 0
github.com/fridrock/avito-shop/mocks/HandlerWithError.go:55.2,55.13 1 0
github.com/fridrock/avito-shop/mocks/InfoHandler.go:17.85,20.19 2 0
github.com/fridrock/avito-shop/mocks/InfoHandler.go:20.19,21.49 1 0
github.com/fridrock/avito-shop/mocks/InfoHandler.go:24.2,26.86 3 0
github.com/fridrock/avito-shop/mocks/InfoHandler.go:26.86,28.3 1 0
github.com/fridrock/avito-shop/mocks/InfoHandler.go:29.2,29.77 1 0
github.com/fridrock/avito-shop/mocks/InfoHandler.go:29.77,31.3 1 0
github.com/fridrock/avito-shop/mocks/InfoHandler.go:31.8,33.3 1 0
github.com/fridrock/avito-shop/mocks/InfoHandler.go:35.2,35.79 1 0
github.com/fridrock/avito-shop/mocks/InfoHandler.go:35.79,37.3 1 0
github.com/fridrock/avito-shop/mocks/InfoHandler.go:37.8,39.3 1 0
github.com/fridrock/avito-shop/mocks/InfoHandler.go:41.2,41.15 1 0
github.com/fridrock/avito-shop/mocks/InfoHandler.go:49.17,53.19 3 0
github.com/fridrock/avito-shop/mocks/InfoHandler.go:53.19,53.49 1 0
github.com/fridrock/avito-shop/mocks/InfoHandler.go:55.2,55.13 1 0
github.com/fridrock/avito-shop/mocks/InfoStorage.go:18.81,21.19 2 0
github.com/fridrock/avito-shop/mocks/InfoStorage.go:21.19,22.57 1 0
github.com/fridrock/avito-shop/mocks/InfoStorage.go:25.2,27.74 3 0
github.com/fridrock/avito-shop/mocks/InfoStorage.go:27.74,29.3 1 0
github.com/fridrock/avito-shop/mocks/InfoStorage.go:30.2,30.65 1 0
github.com/fridrock/avito-shop/mocks/InfoStorage.go:30.65,32.3 1 0
github.com/fridrock/avito-shop/mocks/InfoStorage.go:32.8,34.3 1 0
github.com/fridrock/avito-shop/mocks/InfoStorage.go:36.2,36.54 1 0
github.com/fridrock/avito-shop/mocks/InfoStorage.go:36.54,38.3 1 0
github.com/fridrock/avito-shop/mocks/InfoStorage.go:38.8,40.3 1 0
github.com/fridrock/avito-shop/mocks/InfoStorage.go:42.2,42.15 1 0
github.com/fridrock/avito-shop/mocks/InfoStorage.go:50.17,54.19 3 0
github.com/fridrock/avito-shop/mocks/InfoStorage.go:54.19,54.49 1 0
github.com/fridrock/avito-shop/mocks/InfoStorage.go:56.2,56.13 1 0
github.com/fridrock/avito-shop/mocks/PasswordHasher.go:13.70,16.19 2 0
github.com/fridrock/avito-shop/mocks/PasswordHasher.go:16.19,17.55 1 0
github.com/fridrock/avito-shop/mocks/PasswordHasher.go:20.2,21.58 2 0
github.com/fridrock/avito-shop/mocks/PasswordHasher.go:21.58,23.3 1 0
github.com/fridrock/avito-shop/mocks/PasswordHasher.go:23.8,25.3 1 0
github.com/fridrock/avito-shop/mocks/PasswordHasher.go:27.2,27.11 1 0
github.com/fridrock/avito-shop/mocks/PasswordHasher.go:31.68,34.19 2 0
github.com/fridrock/avito-shop/mocks/PasswordHasher.go:34.19,35.54 1 0
github.com/fridrock/avito-shop/mocks/PasswordHasher.go:38.2,40.61 3 0
github.com/fridrock/avito-shop/mocks/PasswordHasher.go:40.61,42.3 1 0
github.com/fridrock/avito-shop/mocks/PasswordHasher.go:43.2,43.52 1 0
github.com/fridrock/avito-shop/mocks/PasswordHasher.go:43.52,45.3 1 0
github.com/fridrock/avito-shop/mocks/PasswordHasher.go:45.8,47.3 1 0
github.com/fridrock/avito-shop/mocks/PasswordHasher.go:49.2,49.51 1 0
github.com/fridrock/avito-shop/mocks/PasswordHasher.go:49.51,51.3 1 0
github.com/fridrock/avito-shop/mocks/PasswordHasher.go:51.8,53.3 1 0
github.com/fridrock/avito-shop/mocks/PasswordHasher.go:55.2,55.15 1 0
github.com/fridrock/avito-shop/mocks/PasswordHasher.go:63.20,67.19 3 0
github.com/fridrock/avito-shop/mocks/PasswordHasher.go:67.19,67.49 1 0
github.com/fridrock/avito-shop/mocks/PasswordHasher.go:69.2,69.13 1 0
github.com/fridrock/avito-shop/mocks/ProductStorage.go:18.73,21.19 2 1
github.com/fridrock/avito-shop/mocks/ProductStorage.go:21.19,22.45 1 0
github.com/fridrock/avito-shop/mocks/ProductStorage.go:25.2,26.71 2 1
github.com/fridrock/avito-shop/mocks/ProductStorage.go:26.71,28.3 1 0
github.com/fridrock/avito-shop/mocks/ProductStorage.go:28.8,30.3 1 1
github.com/fridrock/avito-shop/mocks/ProductStorage.go:32.2,32.11 1 1
github.com/fridrock/avito-shop/mocks/ProductStorage.go:36.82,39.19 2 1
github.com/fridrock/avito-shop/mocks/ProductStorage.go:39.19,40.59 1 0
github.com/fridrock/avito-shop/mocks/ProductStorage.go:43.2,45.70 3 1
github.com/fridrock/avito-shop/mocks/ProductStorage.go:45.70,47.3 1 0
github.com/fridrock/avito-shop/mocks/ProductStorage.go:48.2,48.61 1 1
github.com/fridrock/avito-shop/mocks/ProductStorage.go:48.61,50.3 1 0
github.com/fridrock/avito-shop/mocks/ProductStorage.go:50.8,52.3 1 1
github.com/fridrock/avito-shop/mocks/ProductStorage.go:54.2,54.51 1 1
github.com/fridrock/avito-shop/mocks/ProductStorage.go:54.51,56.3 1 0
github.com/fridrock/avito-shop/mocks/ProductStorage.go:56.8,58.3 1 1
github.com/fridrock/avito-shop/mocks/ProductStorage.go:60.2,60.15 1 1
github.com/fridrock/avito-shop/mocks/ProductStorage.go:68.20,72.19 3 1
github.com/fridrock/avito-shop/mocks/ProductStorage.go:72.19,72.49 1 1
github.com/fridrock/avito-shop/mocks/ProductStorage.go:74.2,74.13 1 1
github.com/fridrock/avito-shop/mocks/ScanFunction.go:17.66,20.19 2 0
github.com/fridrock/avito-shop/mocks/ScanFunction.go:20.19,21.49 1 0
github.com/fridrock/avito-shop/mocks/ScanFunction.go:24.2,25.58 2 0
github.com/fridrock/avito-shop/mocks/ScanFunction.go:25.58,27.3 1 0
github.com/fridrock/avito-shop/mocks/ScanFunction.go:27.8,29.3 1 0
github.com/fridrock/avito-shop/mocks/ScanFunction.go:31.2,31.11 1 0
github.com/fridrock/avito-shop/mocks/ScanFunction.go:39.21,43.19 3 0
github.com/fridrock/avito-shop/mocks/ScanFunction.go:43.19,43.49 1 0
github.com/fridrock/avito-shop/mocks/ScanFunction.go:45.2,45.13 1 0
github.com/fridrock/avito-shop/mocks/SendCoinHandler.go:17.90,20.19 2 0
github.com/fridrock/avito-shop/mocks/SendCoinHandler.go:20.19,21.50 1 0
github.com/fridrock/avito-shop/mocks/SendCoinHandler.go:24.2,26.86 3 0
github.com/fridrock/avito-shop/mocks/SendCoinHandler.go:26.86,28.3 1 0
github.com/fridrock/avito-shop/mocks/SendCoinHandler.go:29.2,29.77 1 0
github.com/fridrock/avito-shop/mocks/SendCoinHandler.go:29.77,31.3 1 0
github.com/fridrock/avito-shop/mocks/SendCoinHandler.go:31.8,33.3 1 0
github.com/fridrock/avito-shop/mocks/SendCoinHandler.go:35.2,35.79 1 0
github.com/fridrock/avito-shop/mocks/SendCoinHandler.go:35.79,37.3 1 0
github.com/fridrock/avito-shop/mocks/SendCoinHandler.go:37.8,39.3 1 0
github.com/fridrock/avito-shop/mocks/SendCoinHandler.go:41.2,41.15 1 0
github.com/fridrock/avito-shop/mocks/SendCoinHandler.go:49.21,53.19 3 0
github.com/fridrock/avito-shop/mocks/SendCoinHandler.go:53.19,53.49 1 0
github.com/fridrock/avito-shop/mocks/SendCoinHandler.go:55.2,55.13 1 0
github.com/fridrock/avito-shop/mocks/TokenService.go:19.101,22.19 2 0
github.com/fridrock/avito-shop/mocks/TokenService.go:22.19,23.55 1 0
github.com/fridrock/avito-shop/mocks/TokenService.go:26.2,28.91 3 0
github.com/fridrock/avito-shop/mocks/TokenService.go:28.91,30.3 1 0
github.com/fridrock/avito-shop/mocks/TokenService.go:31.2,31.82 1 0
github.com/fridrock/avito-shop/mocks/TokenService.go:31.82,33.3 1 0
github.com/fridrock/avito-shop/mocks/TokenService.go:33.8,35.3 1 0
github.com/fridrock/avito-shop/mocks/TokenService.go:37.2,37.71 1 0
github.com/fridrock/avito-shop/mocks/TokenService.go:37.71,39.3 1 0
github.com/fridrock/avito-shop/mocks/TokenService.go:39.8,41.3 1 0
github.com/fridrock/avito-shop/mocks/TokenService.go:43.2,43.15 1 0
github.com/fridrock/avito-shop/mocks/TokenService.go:47.73,50.19 2 0
github.com/fridrock/avito-shop/mocks/TokenService.go:50.19,51.55 1 0
github.com/fridrock/avito-shop/mocks/TokenService.go:54.2,56.67 3 0
github.com/fridrock/avito-shop/mocks/TokenService.go:56.67,58.3 1 0
github.com/fridrock/avito-shop/mocks/TokenService.go:59.2,59.58 1 0
github.com/fridrock/avito-shop/mocks/TokenService.go:59.58,61.3 1 0
github.com/fridrock/avito-shop/mocks/TokenService.go:61.8,63.3 1 0
github.com/fridrock/avito-shop/mocks/TokenService.go:65.2,65.51 1 0
github.com/fridrock/avito-shop/mocks/TokenService.go:65.51,67.3 1 0
github.com/fridrock/avito-shop/mocks/TokenService.go:67.8,69.3 1 0
github.com/fridrock/avito-shop/mocks/TokenService.go:71.2,71.15 1 0
github.com/fridrock/avito-shop/mocks/TokenService.go:79.18,83.19 3 0
github.com/fridrock/avito-shop/mocks/TokenService.go:83.19,83.49 1 0
github.com/fridrock/avito-shop/mocks/TokenService.go:85.2,85.13 1 0
github.com/fridrock/avito-shop/mocks/UserStorage.go:18.70,21.19 2 1
github.com/fridrock/avito-shop/mocks/UserStorage.go:21.19,22.58 1 0
github.com/fridrock/avito-shop/mocks/UserStorage.go:25.2,26.58 2 1
github.com/fridrock/avito-shop/mocks/UserStorage.go:26.58,28.3 1 0
github.com/fridrock/avito-shop/mocks/UserStorage.go:28.8,30.3 1 1
github.com/fridrock/avito-shop/mocks/UserStorage.go:32.2,32.11 1 1
github.com/fridrock/avito-shop/mocks/UserStorage.go:36.77,39.19 2 0
github.com/fridrock/avito-shop/mocks/UserStorage.go:39.19,40.60 1 0
github.com/fridrock/avito-shop/mocks/UserStorage.go:43.2,45.67 3 0
github.com/fridrock/avito-shop/mocks/UserStorage.go:45.67,47.3 1 0
github.com/fridrock/avito-shop/mocks/UserStorage.go:48.2,48.58 1 0
github.com/fridrock/avito-shop/mocks/UserStorage.go:48.58,50.3 1 0
github.com/fridrock/avito-shop/mocks/UserStorage.go:50.8,52.3 1 0
github.com/fridrock/avito-shop/mocks/UserStorage.go:54.2,54.51 1 0
github.com/fridrock/avito-shop/mocks/UserStorage.go:54.51,56.3 1 0
github.com/fridrock/avito-shop/mocks/UserStorage.go:56.8,58.3 1 0
github.com/fridrock/avito-shop/mocks/UserStorage.go:60.2,60.15 1 0
github.com/fridrock/avito-shop/mocks/UserStorage.go:64.70,67.19 2 0
github.com/fridrock/avito-shop/mocks/UserStorage.go:67.19,68.50 1 0
github.com/fridrock/avito-shop/mocks/UserStorage.go:71.2,73.70 3 0
github.com/fridrock/avito-shop/mocks/UserStorage.go:73.70,75.3 1 0
github.com/fridrock/avito-shop/mocks/UserStorage.go:76.2,76.61 1 0
github.com/fridrock/avito-shop/mocks/UserStorage.go:76.61,78.3 1 0
github.com/fridrock/avito-shop/mocks/UserStorage.go:78.8,79.24 1 0
github.com/fridrock/avito-shop/mocks/UserStorage.go:79.24,81.4 1 0
github.com/fridrock/avito-shop/mocks/UserStorage.go:84.2,84.57 1 0
github.com/fridrock/avito-shop/mocks/UserStorage.go:84.57,86.3 1 0
github.com/fridrock/avito-shop/mocks/UserStorage.go:86.8,88.3 1 0
github.com/fridrock/avito-shop/mocks/UserStorage.go:90.2,90.15 1 0
github.com/fridrock/avito-shop/mocks/UserStorage.go:98.17,102.19 3 1
github.com/fridrock/avito-shop/mocks/UserStorage.go:102.19,102.49 1 1
github.com/fridrock/avito-shop/mocks/UserStorage.go:104.2,104.13 1 1
github.com/fridrock/avito-shop/storage/coinsStorage.go:19.96,21.16 2 0
github.com/fridrock/avito-shop/storage/coinsStorage.go:21.16,23.3 1 0
github.com/fridrock/avito-shop/storage/coinsStorage.go:25.2,27.16 3 0
github.com/fridrock/avito-shop/storage/coinsStorage.go:27.16,29.3 1 0
github.com/fridrock/avito-shop/storage/coinsStorage.go:31.2,33.16 3 0
github.com/fridrock/avito-shop/storage/coinsStorage.go:33.16,35.3 1 0
github.com/fridrock/avito-shop/storage/coinsStorage.go:37.2,44.16 3 0
github.com/fridrock/avito-shop/storage/coinsStorage.go:44.16,46.25 2 0
github.com/fridrock/avito-shop/storage/coinsStorage.go:46.25,48.4 1 0
github.com/fridrock/avito-shop/storage/coinsStorage.go:50.2,50.20 1 0
github.com/fridrock/avito-shop/storage/coinsStorage.go:53.46,57.2 1 0
github.com/fridrock/avito-shop/storage/getInfoStorage.go:34.64,36.2 1 0
github.com/fridrock/avito-shop/storage/getInfoStorage.go:38.63,40.2 1 0
github.com/fridrock/avito-shop/storage/getInfoStorage.go:42.74,44.2 1 0
github.com/fridrock/avito-shop/storage/getInfoStorage.go:46.101,50.16 4 0
github.com/fridrock/avito-shop/storage/getInfoStorage.go:50.16,52.3 1 0
github.com/fridrock/avito-shop/storage/getInfoStorage.go:53.2,54.18 2 0
github.com/fridrock/avito-shop/storage/getInfoStorage.go:54.18,56.17 2 0
github.com/fridrock/avito-shop/storage/getInfoStorage.go:56.17,58.4 1 0
github.com/fridrock/avito-shop/storage/getInfoStorage.go:59.3,59.25 1 0
github.com/fridrock/avito-shop/storage/getInfoStorage.go:61.2,61.17 1 0
github.com/fridrock/avito-shop/storage/getInfoStorage.go:64.88,67.16 3 0
github.com/fridrock/avito-shop/storage/getInfoStorage.go:67.16,69.3 1 0
github.com/fridrock/avito-shop/storage/getInfoStorage.go:70.2,71.16 2 0
github.com/fridrock/avito-shop/storage/getInfoStorage.go:71.16,73.3 1 0
github.com/fridrock/avito-shop/storage/getInfoStorage.go:74.2,76.16 3 0
github.com/fridrock/avito-shop/storage/getInfoStorage.go:76.16,78.3 1 0
github.com/fridrock/avito-shop/storage/getInfoStorage.go:79.2,81.16 3 0
github.com/fridrock/avito-shop/storage/getInfoStorage.go:81.16,83.3 1 0
github.com/fridrock/avito-shop/storage/getInfoStorage.go:84.2,85.34 2 0
github.com/fridrock/avito-shop/storage/getInfoStorage.go:88.46,92.2 1 0
github.com/fridrock/avito-shop/storage/productStorage.go:27.76,29.16 2 0
github.com/fridrock/avito-shop/storage/productStorage.go:29.16,31.3 1 0
github.com/fridrock/avito-shop/storage/productStorage.go:32.2,41.19 6 0
github.com/fridrock/avito-shop/storage/productStorage.go:41.19,44.3 2 0
github.com/fridrock/avito-shop/storage/productStorage.go:45.2,45.20 1 0
github.com/fridrock/avito-shop/storage/productStorage.go:48.83,52.26 4 0
github.com/fridrock/avito-shop/storage/productStorage.go:52.26,54.3 1 0
github.com/fridrock/avito-shop/storage/productStorage.go:55.2,55.21 1 0
github.com/fridrock/avito-shop/storage/productStorage.go:58.52,62.2 1 0
github.com/fridrock/avito-shop/storage/userStorage.go:29.78,34.26 5 0
github.com/fridrock/avito-shop/storage/userStorage.go:34.26,36.3 1 0
github.com/fridrock/avito-shop/storage/userStorage.go:37.2,37.18 1 0
github.com/fridrock/avito-shop/storage/userStorage.go:39.67,48.2 4 0
github.com/fridrock/avito-shop/storage/userStorage.go:50.80,54.16 4 0
github.com/fridrock/avito-shop/storage/userStorage.go:54.16,56.3 1 0
github.com/fridrock/avito-shop/storage/userStorage.go:57.2,57.24 1 0
github.com/fridrock/avito-shop/storage/userStorage.go:60.46,64.2 1 0
github.com/fridrock/avito-shop/utils/handleWithError.go:12.61,13.71 1 1
github.com/fridrock/avito-shop/utils/handleWithError.go:13.71,16.17 3 1
github.com/fridrock/avito-shop/utils/handleWithError.go:16.17,23.4 4 1
github.com/fridrock/avito-shop/utils/parser.go:12.47,15.16 3 1
github.com/fridrock/avito-shop/utils/parser.go:15.16,17.3 1 1
github.com/fridrock/avito-shop/utils/parser.go:18.2,19.17 2 1
github.com/fridrock/avito-shop/utils/passwordHasher.go:11.76,13.16 2 1
github.com/fridrock/avito-shop/utils/passwordHasher.go:13.16,15.3 1 0
github.com/fridrock/avito-shop/utils/passwordHasher.go:16.2,16.26 1 1
github.com/fridrock/avito-shop/utils/passwordHasher.go:18.72,21.2 2 1
github.com/fridrock/avito-shop/utils/passwordHasher.go:22.41,24.2 1 0
github.com/fridrock/avito-shop/utils/writeEncoded.go:8.65,10.16 2 1
github.com/fridrock/avito-shop/utils/writeEncoded.go:10.16,12.3 1 1
github.com/fridrock/avito-shop/utils/writeEncoded.go:13.2,14.27 2 1
