mode: set
github.com/fridrock/avito-shop/handlers/authHandler.go:26.86,28.16 2 0
github.com/fridrock/avito-shop/handlers/authHandler.go:28.16,30.3 1 0
github.com/fridrock/avito-shop/handlers/authHandler.go:31.2,33.16 2 0
github.com/fridrock/avito-shop/handlers/authHandler.go:33.16,34.81 1 0
github.com/fridrock/avito-shop/handlers/authHandler.go:34.81,36.4 1 0
github.com/fridrock/avito-shop/handlers/authHandler.go:36.9,38.4 1 0
github.com/fridrock/avito-shop/handlers/authHandler.go:39.8,40.36 1 0
github.com/fridrock/avito-shop/handlers/authHandler.go:40.36,42.18 2 0
github.com/fridrock/avito-shop/handlers/authHandler.go:42.18,44.5 1 0
github.com/fridrock/avito-shop/handlers/authHandler.go:45.4,50.18 3 0
github.com/fridrock/avito-shop/handlers/authHandler.go:50.18,52.5 1 0
github.com/fridrock/avito-shop/handlers/authHandler.go:53.4,53.48 1 0
github.com/fridrock/avito-shop/handlers/authHandler.go:55.3,55.45 1 0
github.com/fridrock/avito-shop/handlers/authHandler.go:59.121,61.16 2 0
github.com/fridrock/avito-shop/handlers/authHandler.go:61.16,63.3 1 0
github.com/fridrock/avito-shop/handlers/authHandler.go:64.2,64.44 1 0
github.com/fridrock/avito-shop/handlers/authHandler.go:66.89,72.2 1 0
github.com/fridrock/avito-shop/handlers/buyHandler.go:21.84,25.20 3 1
github.com/fridrock/avito-shop/handlers/buyHandler.go:25.20,27.3 1 1
github.com/fridrock/avito-shop/handlers/buyHandler.go:29.2,30.16 2 1
github.com/fridrock/avito-shop/handlers/buyHandler.go:30.16,32.3 1 1
github.com/fridrock/avito-shop/handlers/buyHandler.go:34.2,35.21 2 1
github.com/fridrock/avito-shop/handlers/buyHandler.go:35.21,37.3 1 1
github.com/fridrock/avito-shop/handlers/buyHandler.go:38.2,39.16 2 1
github.com/fridrock/avito-shop/handlers/buyHandler.go:39.16,41.3 1 1
github.com/fridrock/avito-shop/handlers/buyHandler.go:42.2,42.27 1 1
github.com/fridrock/avito-shop/handlers/buyHandler.go:45.82,50.2 1 1
github.com/fridrock/avito-shop/handlers/getInfoHandler.go:19.89,22.16 3 1
github.com/fridrock/avito-shop/handlers/getInfoHandler.go:22.16,24.3 1 1
github.com/fridrock/avito-shop/handlers/getInfoHandler.go:25.2,25.35 1 1
github.com/fridrock/avito-shop/handlers/getInfoHandler.go:28.57,32.2 1 1
github.com/fridrock/avito-shop/handlers/sendCoinHandler.go:23.94,25.16 2 1
github.com/fridrock/avito-shop/handlers/sendCoinHandler.go:25.16,27.3 1 1
github.com/fridrock/avito-shop/handlers/sendCoinHandler.go:29.2,34.21 5 1
github.com/fridrock/avito-shop/handlers/sendCoinHandler.go:34.21,36.3 1 1
github.com/fridrock/avito-shop/handlers/sendCoinHandler.go:37.2,37.46 1 1
github.com/fridrock/avito-shop/handlers/sendCoinHandler.go:37.46,39.3 1 1
github.com/fridrock/avito-shop/handlers/sendCoinHandler.go:40.2,40.21 1 1
github.com/fridrock/avito-shop/handlers/sendCoinHandler.go:40.21,42.3 1 1
github.com/fridrock/avito-shop/handlers/sendCoinHandler.go:44.2,45.16 2 1
github.com/fridrock/avito-shop/handlers/sendCoinHandler.go:45.16,47.3 1 1
github.com/fridrock/avito-shop/handlers/sendCoinHandler.go:48.2,48.27 1 1
github.com/fridrock/avito-shop/handlers/sendCoinHandler.go:51.89,56.2 1 1
