mode: set
github.com/fridrock/avito-shop/storage/coinsStorage.go:19.96,21.16 2 1
github.com/fridrock/avito-shop/storage/coinsStorage.go:21.16,23.3 1 0
github.com/fridrock/avito-shop/storage/coinsStorage.go:25.2,27.16 3 1
github.com/fridrock/avito-shop/storage/coinsStorage.go:27.16,29.3 1 0
github.com/fridrock/avito-shop/storage/coinsStorage.go:31.2,33.16 3 1
github.com/fridrock/avito-shop/storage/coinsStorage.go:33.16,35.3 1 0
github.com/fridrock/avito-shop/storage/coinsStorage.go:38.2,45.16 3 1
github.com/fridrock/avito-shop/storage/coinsStorage.go:45.16,47.25 2 0
github.com/fridrock/avito-shop/storage/coinsStorage.go:47.25,49.4 1 0
github.com/fridrock/avito-shop/storage/coinsStorage.go:51.2,51.20 1 1
github.com/fridrock/avito-shop/storage/coinsStorage.go:54.46,58.2 1 1
github.com/fridrock/avito-shop/storage/createTestDb.go:19.30,37.16 6 1
github.com/fridrock/avito-shop/storage/createTestDb.go:37.16,39.3 1 0
github.com/fridrock/avito-shop/storage/createTestDb.go:40.2,40.32 1 1
github.com/fridrock/avito-shop/storage/createTestDb.go:43.57,44.24 1 1
github.com/fridrock/avito-shop/storage/createTestDb.go:44.24,46.3 1 1
github.com/fridrock/avito-shop/storage/createTestDb.go:47.2,47.20 1 1
github.com/fridrock/avito-shop/storage/getInfoStorage.go:34.64,36.2 1 0
github.com/fridrock/avito-shop/storage/getInfoStorage.go:38.63,40.2 1 0
github.com/fridrock/avito-shop/storage/getInfoStorage.go:42.74,44.2 1 0
github.com/fridrock/avito-shop/storage/getInfoStorage.go:46.101,50.16 4 0
github.com/fridrock/avito-shop/storage/getInfoStorage.go:50.16,52.3 1 0
github.com/fridrock/avito-shop/storage/getInfoStorage.go:53.2,54.18 2 0
github.com/fridrock/avito-shop/storage/getInfoStorage.go:54.18,56.17 2 0
github.com/fridrock/avito-shop/storage/getInfoStorage.go:56.17,58.4 1 0
github.com/fridrock/avito-shop/storage/getInfoStorage.go:59.3,59.25 1 0
github.com/fridrock/avito-shop/storage/getInfoStorage.go:61.2,61.17 1 0
github.com/fridrock/avito-shop/storage/getInfoStorage.go:64.88,67.16 3 0
github.com/fridrock/avito-shop/storage/getInfoStorage.go:67.16,69.3 1 0
github.com/fridrock/avito-shop/storage/getInfoStorage.go:70.2,71.16 2 0
github.com/fridrock/avito-shop/storage/getInfoStorage.go:71.16,73.3 1 0
github.com/fridrock/avito-shop/storage/getInfoStorage.go:74.2,76.16 3 0
github.com/fridrock/avito-shop/storage/getInfoStorage.go:76.16,78.3 1 0
github.com/fridrock/avito-shop/storage/getInfoStorage.go:79.2,81.16 3 0
github.com/fridrock/avito-shop/storage/getInfoStorage.go:81.16,83.3 1 0
github.com/fridrock/avito-shop/storage/getInfoStorage.go:84.2,85.34 2 0
github.com/fridrock/avito-shop/storage/getInfoStorage.go:88.46,92.2 1 0
github.com/fridrock/avito-shop/storage/productStorage.go:25.76,27.16 2 1
github.com/fridrock/avito-shop/storage/productStorage.go:27.16,29.3 1 0
github.com/fridrock/avito-shop/storage/productStorage.go:30.2,39.19 6 1
github.com/fridrock/avito-shop/storage/productStorage.go:39.19,42.3 2 0
github.com/fridrock/avito-shop/storage/productStorage.go:43.2,43.20 1 1
github.com/fridrock/avito-shop/storage/productStorage.go:46.83,51.2 4 1
github.com/fridrock/avito-shop/storage/productStorage.go:53.52,57.2 1 1
github.com/fridrock/avito-shop/storage/userStorage.go:30.78,35.26 5 1
github.com/fridrock/avito-shop/storage/userStorage.go:35.26,37.3 1 1
github.com/fridrock/avito-shop/storage/userStorage.go:38.2,38.18 1 1
github.com/fridrock/avito-shop/storage/userStorage.go:40.67,49.2 4 1
github.com/fridrock/avito-shop/storage/userStorage.go:51.80,55.16 4 1
github.com/fridrock/avito-shop/storage/userStorage.go:55.16,58.3 2 1
github.com/fridrock/avito-shop/storage/userStorage.go:59.2,59.24 1 1
github.com/fridrock/avito-shop/storage/userStorage.go:62.46,66.2 1 1
